# JRE version: Java(TM) SE Runtime Environment (8.0_05-b13) (build 1.8.0_05-b13)
# Java VM: Java HotSpot(TM) 64-Bit Server VM (25.5-b02 mixed mode windows-amd64 compressed oops)
Heap:
 PSYoungGen      total 26112K, used 16396K [0x00000000d6c00000, 0x00000000d9700000, 0x0000000100000000)
  eden space 22016K, 61% used [0x00000000d6c00000,0x00000000d7940da0,0x00000000d8180000)
  from space 4096K, 68% used [0x00000000d8600000,0x00000000d88c24f8,0x00000000d8a00000)
  to   space 4608K, 0% used [0x00000000d8180000,0x00000000d8180000,0x00000000d8600000)
 ParOldGen       total 125440K, used 15773K [0x0000000084400000, 0x000000008be80000, 0x00000000d6c00000)
  object space 125440K, 12% used [0x0000000084400000,0x00000000853674f0,0x000000008be80000)
 Metaspace       used 11268K, capacity 11552K, committed 11648K, reserved 1058816K
  class space    used 1344K, capacity 1397K, committed 1408K, reserved 1048576K
GC Heap History (10 events):
Event: 0.593 GC heap before
{Heap before GC invocations=10 (full 0):
 PSYoungGen      total 9728K, used 9728K [0x00000000d6c00000, 0x00000000d7d00000, 0x0000000100000000)
  eden space 8192K, 100% used [0x00000000d6c00000,0x00000000d7400000,0x00000000d7400000)
  from space 1536K, 100% used [0x00000000d7400000,0x00000000d7580000,0x00000000d7580000)
  to   space 2048K, 0% used [0x00000000d7b00000,0x00000000d7b00000,0x00000000d7d00000)
 ParOldGen       total 125440K, used 2664K [0x0000000084400000, 0x000000008be80000, 0x00000000d6c00000)
  object space 125440K, 2% used [0x0000000084400000,0x000000008469a378,0x000000008be80000)
 Metaspace       used 6336K, capacity 6782K, committed 7040K, reserved 1056768K
  class space    used 702K, capacity 770K, committed 896K, reserved 1048576K
Event: 0.595 GC heap after
Heap after GC invocations=10 (full 0):
 PSYoungGen      total 15360K, used 1152K [0x00000000d6c00000, 0x00000000d7d00000, 0x0000000100000000)
  eden space 13312K, 0% used [0x00000000d6c00000,0x00000000d6c00000,0x00000000d7900000)
  from space 2048K, 56% used [0x00000000d7b00000,0x00000000d7c200d8,0x00000000d7d00000)
  to   space 2048K, 0% used [0x00000000d7900000,0x00000000d7900000,0x00000000d7b00000)
 ParOldGen       total 125440K, used 3096K [0x0000000084400000, 0x000000008be80000, 0x00000000d6c00000)
  object space 125440K, 2% used [0x0000000084400000,0x0000000084706378,0x000000008be80000)
 Metaspace       used 6336K, capacity 6782K, committed 7040K, reserved 1056768K
  class space    used 702K, capacity 770K, committed 896K, reserved 1048576K
}
Event: 0.798 GC heap before
{Heap before GC invocations=11 (full 0):
 PSYoungGen      total 15360K, used 14464K [0x00000000d6c00000, 0x00000000d7d00000, 0x0000000100000000)
  eden space 13312K, 100% used [0x00000000d6c00000,0x00000000d7900000,0x00000000d7900000)
  from space 2048K, 56% used [0x00000000d7b00000,0x00000000d7c200d8,0x00000000d7d00000)
  to   space 2048K, 0% used [0x00000000d7900000,0x00000000d7900000,0x00000000d7b00000)
 ParOldGen       total 125440K, used 3096K [0x0000000084400000, 0x000000008be80000, 0x00000000d6c00000)
  object space 125440K, 2% used [0x0000000084400000,0x0000000084706378,0x000000008be80000)
 Metaspace       used 7933K, capacity 8174K, committed 8448K, reserved 1056768K
  class space    used 873K, capacity 930K, committed 1024K, reserved 1048576K
Event: 0.807 GC heap after
Heap after GC invocations=11 (full 0):
 PSYoungGen      total 15360K, used 2032K [0x00000000d6c00000, 0x00000000d8b00000, 0x0000000100000000)
  eden space 13312K, 0% used [0x00000000d6c00000,0x00000000d6c00000,0x00000000d7900000)
  from space 2048K, 99% used [0x00000000d7900000,0x00000000d7afc020,0x00000000d7b00000)
  to   space 5120K, 0% used [0x00000000d8600000,0x00000000d8600000,0x00000000d8b00000)
 ParOldGen       total 125440K, used 9966K [0x0000000084400000, 0x000000008be80000, 0x00000000d6c00000)
  object space 125440K, 7% used [0x0000000084400000,0x0000000084dbb8c0,0x000000008be80000)
 Metaspace       used 7933K, capacity 8174K, committed 8448K, reserved 1056768K
  class space    used 873K, capacity 930K, committed 1024K, reserved 1048576K
}
Event: 1.008 GC heap before
{Heap before GC invocations=12 (full 0):
 PSYoungGen      total 15360K, used 15344K [0x00000000d6c00000, 0x00000000d8b00000, 0x0000000100000000)
  eden space 13312K, 100% used [0x00000000d6c00000,0x00000000d7900000,0x00000000d7900000)
  from space 2048K, 99% used [0x00000000d7900000,0x00000000d7afc020,0x00000000d7b00000)
  to   space 5120K, 0% used [0x00000000d8600000,0x00000000d8600000,0x00000000d8b00000)
 ParOldGen       total 125440K, used 9966K [0x0000000084400000, 0x000000008be80000, 0x00000000d6c00000)
  object space 125440K, 7% used [0x0000000084400000,0x0000000084dbb8c0,0x000000008be80000)
 Metaspace       used 8025K, capacity 8302K, committed 8448K, reserved 1056768K
  class space    used 877K, capacity 930K, committed 1024K, reserved 1048576K
Event: 1.012 GC heap after
Heap after GC invocations=12 (full 0):
 PSYoungGen      total 25600K, used 1888K [0x00000000d6c00000, 0x00000000d8a00000, 0x0000000100000000)
  eden space 21504K, 0% used [0x00000000d6c00000,0x00000000d6c00000,0x00000000d8100000)
  from space 4096K, 46% used [0x00000000d8600000,0x00000000d87d8000,0x00000000d8a00000)
  to   space 4608K, 0% used [0x00000000d8100000,0x00000000d8100000,0x00000000d8580000)
 ParOldGen       total 125440K, used 12026K [0x0000000084400000, 0x000000008be80000, 0x00000000d6c00000)
  object space 125440K, 9% used [0x0000000084400000,0x0000000084fbe950,0x000000008be80000)
 Metaspace       used 8025K, capacity 8302K, committed 8448K, reserved 1056768K
  class space    used 877K, capacity 930K, committed 1024K, reserved 1048576K
}
Event: 1.120 GC heap before
{Heap before GC invocations=13 (full 0):
 PSYoungGen      total 25600K, used 23392K [0x00000000d6c00000, 0x00000000d8a00000, 0x0000000100000000)
  eden space 21504K, 100% used [0x00000000d6c00000,0x00000000d8100000,0x00000000d8100000)
  from space 4096K, 46% used [0x00000000d8600000,0x00000000d87d8000,0x00000000d8a00000)
  to   space 4608K, 0% used [0x00000000d8100000,0x00000000d8100000,0x00000000d8580000)
 ParOldGen       total 125440K, used 12026K [0x0000000084400000, 0x000000008be80000, 0x00000000d6c00000)
  object space 125440K, 9% used [0x0000000084400000,0x0000000084fbe950,0x000000008be80000)
 Metaspace       used 8033K, capacity 8302K, committed 8448K, reserved 1056768K
  class space    used 878K, capacity 930K, committed 1024K, reserved 1048576K
Event: 1.124 GC heap after
Heap after GC invocations=13 (full 0):
 PSYoungGen      total 26112K, used 2480K [0x00000000d6c00000, 0x00000000d8a00000, 0x0000000100000000)
  eden space 21504K, 0% used [0x00000000d6c00000,0x00000000d6c00000,0x00000000d8100000)
  from space 4608K, 53% used [0x00000000d8100000,0x00000000d836c010,0x00000000d8580000)
  to   space 4096K, 0% used [0x00000000d8600000,0x00000000d8600000,0x00000000d8a00000)
 ParOldGen       total 125440K, used 13778K [0x0000000084400000, 0x000000008be80000, 0x00000000d6c00000)
  object space 125440K, 10% used [0x0000000084400000,0x0000000085174950,0x000000008be80000)
 Metaspace       used 8033K, capacity 8302K, committed 8448K, reserved 1056768K
  class space    used 878K, capacity 930K, committed 1024K, reserved 1048576K
}
Event: 1.285 GC heap before
{Heap before GC invocations=14 (full 0):
 PSYoungGen      total 26112K, used 23984K [0x00000000d6c00000, 0x00000000d8a00000, 0x0000000100000000)
  eden space 21504K, 100% used [0x00000000d6c00000,0x00000000d8100000,0x00000000d8100000)
  from space 4608K, 53% used [0x00000000d8100000,0x00000000d836c010,0x00000000d8580000)
  to   space 4096K, 0% used [0x00000000d8600000,0x00000000d8600000,0x00000000d8a00000)
 ParOldGen       total 125440K, used 13778K [0x0000000084400000, 0x000000008be80000, 0x00000000d6c00000)
  object space 125440K, 10% used [0x0000000084400000,0x0000000085174950,0x000000008be80000)
 Metaspace       used 10405K, capacity 10714K, committed 11136K, reserved 1058816K
  class space    used 1236K, capacity 1284K, committed 1408K, reserved 1048576K
Event: 1.288 GC heap after
Heap after GC invocations=14 (full 0):
 PSYoungGen      total 26112K, used 2825K [0x00000000d6c00000, 0x00000000d9700000, 0x0000000100000000)
  eden space 22016K, 0% used [0x00000000d6c00000,0x00000000d6c00000,0x00000000d8180000)
  from space 4096K, 68% used [0x00000000d8600000,0x00000000d88c24f8,0x00000000d8a00000)
  to   space 4608K, 0% used [0x00000000d8180000,0x00000000d8180000,0x00000000d8600000)
 ParOldGen       total 125440K, used 15773K [0x0000000084400000, 0x000000008be80000, 0x00000000d6c00000)
  object space 125440K, 12% used [0x0000000084400000,0x00000000853674f0,0x000000008be80000)
 Metaspace       used 10405K, capacity 10714K, committed 11136K, reserved 1058816K
  class space    used 1236K, capacity 1284K, committed 1408K, reserved 1048576K
}

