# JRE version: Java(TM) SE Runtime Environment (8.0_05-b13) (build 1.8.0_05-b13)
# Java VM: Java HotSpot(TM) 64-Bit Server VM (25.5-b02 mixed mode windows-amd64 compressed oops)
Heap:
 PSYoungGen      total 115712K, used 93780K [0x00000000d6c00000, 0x00000000de780000, 0x0000000100000000)
  eden space 108032K, 80% used [0x00000000d6c00000,0x00000000dc0ed380,0x00000000dd580000)
  from space 7680K, 88% used [0x00000000dde00000,0x00000000de4a8000,0x00000000de580000)
  to   space 8704K, 0% used [0x00000000dd580000,0x00000000dd580000,0x00000000dde00000)
 ParOldGen       total 125440K, used 19169K [0x0000000084400000, 0x000000008be80000, 0x00000000d6c00000)
  object space 125440K, 15% used [0x0000000084400000,0x00000000856b8620,0x000000008be80000)
 Metaspace       used 13040K, capacity 13434K, committed 13696K, reserved 1060864K
  class space    used 1481K, capacity 1588K, committed 1664K, reserved 1048576K
GC Heap History (10 events):
Event: 2.398 GC heap before
{Heap before GC invocations=16 (full 0):
 PSYoungGen      total 39424K, used 38130K [0x00000000d6c00000, 0x00000000dac80000, 0x0000000100000000)
  eden space 34816K, 100% used [0x00000000d6c00000,0x00000000d8e00000,0x00000000d8e00000)
  from space 4608K, 71% used [0x00000000d8e00000,0x00000000d913ca40,0x00000000d9280000)
  to   space 5120K, 0% used [0x00000000da780000,0x00000000da780000,0x00000000dac80000)
 ParOldGen       total 125440K, used 17009K [0x0000000084400000, 0x000000008be80000, 0x00000000d6c00000)
  object space 125440K, 13% used [0x0000000084400000,0x000000008549c600,0x000000008be80000)
 Metaspace       used 11654K, capacity 11976K, committed 12288K, reserved 1060864K
  class space    used 1360K, capacity 1425K, committed 1536K, reserved 1048576K
Event: 2.406 GC heap after
Heap after GC invocations=16 (full 0):
 PSYoungGen      total 60928K, used 3040K [0x00000000d6c00000, 0x00000000dac80000, 0x0000000100000000)
  eden space 55808K, 0% used [0x00000000d6c00000,0x00000000d6c00000,0x00000000da280000)
  from space 5120K, 59% used [0x00000000da780000,0x00000000daa78000,0x00000000dac80000)
  to   space 5120K, 0% used [0x00000000da280000,0x00000000da280000,0x00000000da780000)
 ParOldGen       total 125440K, used 17281K [0x0000000084400000, 0x000000008be80000, 0x00000000d6c00000)
  object space 125440K, 13% used [0x0000000084400000,0x00000000854e0600,0x000000008be80000)
 Metaspace       used 11654K, capacity 11976K, committed 12288K, reserved 1060864K
  class space    used 1360K, capacity 1425K, committed 1536K, reserved 1048576K
}
Event: 3.867 GC heap before
{Heap before GC invocations=17 (full 0):
 PSYoungGen      total 60928K, used 58848K [0x00000000d6c00000, 0x00000000dac80000, 0x0000000100000000)
  eden space 55808K, 100% used [0x00000000d6c00000,0x00000000da280000,0x00000000da280000)
  from space 5120K, 59% used [0x00000000da780000,0x00000000daa78000,0x00000000dac80000)
  to   space 5120K, 0% used [0x00000000da280000,0x00000000da280000,0x00000000da780000)
 ParOldGen       total 125440K, used 17281K [0x0000000084400000, 0x000000008be80000, 0x00000000d6c00000)
  object space 125440K, 13% used [0x0000000084400000,0x00000000854e0600,0x000000008be80000)
 Metaspace       used 12858K, capacity 13294K, committed 13440K, reserved 1060864K
  class space    used 1478K, capacity 1586K, committed 1664K, reserved 1048576K
Event: 3.880 GC heap after
Heap after GC invocations=17 (full 0):
 PSYoungGen      total 60928K, used 4688K [0x00000000d6c00000, 0x00000000dc380000, 0x0000000100000000)
  eden space 55808K, 0% used [0x00000000d6c00000,0x00000000d6c00000,0x00000000da280000)
  from space 5120K, 91% used [0x00000000da280000,0x00000000da7141a8,0x00000000da780000)
  to   space 5632K, 0% used [0x00000000dbe00000,0x00000000dbe00000,0x00000000dc380000)
 ParOldGen       total 125440K, used 17417K [0x0000000084400000, 0x000000008be80000, 0x00000000d6c00000)
  object space 125440K, 13% used [0x0000000084400000,0x0000000085502600,0x000000008be80000)
 Metaspace       used 12858K, capacity 13294K, committed 13440K, reserved 1060864K
  class space    used 1478K, capacity 1586K, committed 1664K, reserved 1048576K
}
Event: 4.366 GC heap before
{Heap before GC invocations=18 (full 0):
 PSYoungGen      total 60928K, used 60496K [0x00000000d6c00000, 0x00000000dc380000, 0x0000000100000000)
  eden space 55808K, 100% used [0x00000000d6c00000,0x00000000da280000,0x00000000da280000)
  from space 5120K, 91% used [0x00000000da280000,0x00000000da7141a8,0x00000000da780000)
  to   space 5632K, 0% used [0x00000000dbe00000,0x00000000dbe00000,0x00000000dc380000)
 ParOldGen       total 125440K, used 17417K [0x0000000084400000, 0x000000008be80000, 0x00000000d6c00000)
  object space 125440K, 13% used [0x0000000084400000,0x0000000085502600,0x000000008be80000)
 Metaspace       used 12905K, capacity 13294K, committed 13440K, reserved 1060864K
  class space    used 1479K, capacity 1586K, committed 1664K, reserved 1048576K
Event: 4.383 GC heap after
Heap after GC invocations=18 (full 0):
 PSYoungGen      total 83456K, used 4848K [0x00000000d6c00000, 0x00000000dc480000, 0x0000000100000000)
  eden space 77824K, 0% used [0x00000000d6c00000,0x00000000d6c00000,0x00000000db800000)
  from space 5632K, 86% used [0x00000000dbe00000,0x00000000dc2bc010,0x00000000dc380000)
  to   space 6144K, 0% used [0x00000000db800000,0x00000000db800000,0x00000000dbe00000)
 ParOldGen       total 125440K, used 18017K [0x0000000084400000, 0x000000008be80000, 0x00000000d6c00000)
  object space 125440K, 14% used [0x0000000084400000,0x0000000085598620,0x000000008be80000)
 Metaspace       used 12905K, capacity 13294K, committed 13440K, reserved 1060864K
  class space    used 1479K, capacity 1586K, committed 1664K, reserved 1048576K
}
Event: 4.833 GC heap before
{Heap before GC invocations=19 (full 0):
 PSYoungGen      total 83456K, used 82672K [0x00000000d6c00000, 0x00000000dc480000, 0x0000000100000000)
  eden space 77824K, 100% used [0x00000000d6c00000,0x00000000db800000,0x00000000db800000)
  from space 5632K, 86% used [0x00000000dbe00000,0x00000000dc2bc010,0x00000000dc380000)
  to   space 6144K, 0% used [0x00000000db800000,0x00000000db800000,0x00000000dbe00000)
 ParOldGen       total 125440K, used 18017K [0x0000000084400000, 0x000000008be80000, 0x00000000d6c00000)
  object space 125440K, 14% used [0x0000000084400000,0x0000000085598620,0x000000008be80000)
 Metaspace       used 12974K, capacity 13364K, committed 13696K, reserved 1060864K
  class space    used 1479K, capacity 1587K, committed 1664K, reserved 1048576K
Event: 4.849 GC heap after
Heap after GC invocations=19 (full 0):
 PSYoungGen      total 83968K, used 6144K [0x00000000d6c00000, 0x00000000de580000, 0x0000000100000000)
  eden space 77824K, 0% used [0x00000000d6c00000,0x00000000d6c00000,0x00000000db800000)
  from space 6144K, 100% used [0x00000000db800000,0x00000000dbe00000,0x00000000dbe00000)
  to   space 7680K, 0% used [0x00000000dde00000,0x00000000dde00000,0x00000000de580000)
 ParOldGen       total 125440K, used 18921K [0x0000000084400000, 0x000000008be80000, 0x00000000d6c00000)
  object space 125440K, 15% used [0x0000000084400000,0x000000008567a620,0x000000008be80000)
 Metaspace       used 12974K, capacity 13364K, committed 13696K, reserved 1060864K
  class space    used 1479K, capacity 1587K, committed 1664K, reserved 1048576K
}
Event: 5.192 GC heap before
{Heap before GC invocations=20 (full 0):
 PSYoungGen      total 83968K, used 83968K [0x00000000d6c00000, 0x00000000de580000, 0x0000000100000000)
  eden space 77824K, 100% used [0x00000000d6c00000,0x00000000db800000,0x00000000db800000)
  from space 6144K, 100% used [0x00000000db800000,0x00000000dbe00000,0x00000000dbe00000)
  to   space 7680K, 0% used [0x00000000dde00000,0x00000000dde00000,0x00000000de580000)
 ParOldGen       total 125440K, used 18921K [0x0000000084400000, 0x000000008be80000, 0x00000000d6c00000)
  object space 125440K, 15% used [0x0000000084400000,0x000000008567a620,0x000000008be80000)
 Metaspace       used 13009K, capacity 13428K, committed 13696K, reserved 1060864K
  class space    used 1481K, capacity 1587K, committed 1664K, reserved 1048576K
Event: 5.207 GC heap after
Heap after GC invocations=20 (full 0):
 PSYoungGen      total 115712K, used 6816K [0x00000000d6c00000, 0x00000000de780000, 0x0000000100000000)
  eden space 108032K, 0% used [0x00000000d6c00000,0x00000000d6c00000,0x00000000dd580000)
  from space 7680K, 88% used [0x00000000dde00000,0x00000000de4a8000,0x00000000de580000)
  to   space 8704K, 0% used [0x00000000dd580000,0x00000000dd580000,0x00000000dde00000)
 ParOldGen       total 125440K, used 19169K [0x0000000084400000, 0x000000008be80000, 0x00000000d6c00000)
  object space 125440K, 15% used [0x0000000084400000,0x00000000856b8620,0x000000008be80000)
 Metaspace       used 13009K, capacity 13428K, committed 13696K, reserved 1060864K
  class space    used 1481K, capacity 1587K, committed 1664K, reserved 1048576K
}

