# JRE version: Java(TM) SE Runtime Environment (8.0_05-b13) (build 1.8.0_05-b13)
# Java VM: Java HotSpot(TM) 64-Bit Server VM (25.5-b02 mixed mode windows-amd64 compressed oops)
Heap:
 PSYoungGen      total 39424K, used 6563K [0x00000000d6c00000, 0x00000000d9700000, 0x0000000100000000)
  eden space 34816K, 10% used [0x00000000d6c00000,0x00000000d6f78cd0,0x00000000d8e00000)
  from space 4608K, 65% used [0x00000000d9280000,0x00000000d9570000,0x00000000d9700000)
  to   space 4608K, 0% used [0x00000000d8e00000,0x00000000d8e00000,0x00000000d9280000)
 ParOldGen       total 125440K, used 17203K [0x0000000084400000, 0x000000008be80000, 0x00000000d6c00000)
  object space 125440K, 13% used [0x0000000084400000,0x00000000854cceb8,0x000000008be80000)
 Metaspace       used 12041K, capacity 12366K, committed 12544K, reserved 1060864K
  class space    used 1408K, capacity 1490K, committed 1536K, reserved 1048576K
GC Heap History (10 events):
Event: 0.867 GC heap before
{Heap before GC invocations=12 (full 0):
 PSYoungGen      total 15360K, used 15344K [0x00000000d6c00000, 0x00000000d8b00000, 0x0000000100000000)
  eden space 13312K, 100% used [0x00000000d6c00000,0x00000000d7900000,0x00000000d7900000)
  from space 2048K, 99% used [0x00000000d7900000,0x00000000d7afc010,0x00000000d7b00000)
  to   space 5120K, 0% used [0x00000000d8600000,0x00000000d8600000,0x00000000d8b00000)
 ParOldGen       total 125440K, used 9909K [0x0000000084400000, 0x000000008be80000, 0x00000000d6c00000)
  object space 125440K, 7% used [0x0000000084400000,0x0000000084dad7c0,0x000000008be80000)
 Metaspace       used 8022K, capacity 8302K, committed 8448K, reserved 1056768K
  class space    used 877K, capacity 930K, committed 1024K, reserved 1048576K
Event: 0.870 GC heap after
Heap after GC invocations=12 (full 0):
 PSYoungGen      total 25600K, used 1888K [0x00000000d6c00000, 0x00000000d8a00000, 0x0000000100000000)
  eden space 21504K, 0% used [0x00000000d6c00000,0x00000000d6c00000,0x00000000d8100000)
  from space 4096K, 46% used [0x00000000d8600000,0x00000000d87d8000,0x00000000d8a00000)
  to   space 4608K, 0% used [0x00000000d8100000,0x00000000d8100000,0x00000000d8580000)
 ParOldGen       total 125440K, used 11962K [0x0000000084400000, 0x000000008be80000, 0x00000000d6c00000)
  object space 125440K, 9% used [0x0000000084400000,0x0000000084fae840,0x000000008be80000)
 Metaspace       used 8022K, capacity 8302K, committed 8448K, reserved 1056768K
  class space    used 877K, capacity 930K, committed 1024K, reserved 1048576K
}
Event: 0.989 GC heap before
{Heap before GC invocations=13 (full 0):
 PSYoungGen      total 25600K, used 23392K [0x00000000d6c00000, 0x00000000d8a00000, 0x0000000100000000)
  eden space 21504K, 100% used [0x00000000d6c00000,0x00000000d8100000,0x00000000d8100000)
  from space 4096K, 46% used [0x00000000d8600000,0x00000000d87d8000,0x00000000d8a00000)
  to   space 4608K, 0% used [0x00000000d8100000,0x00000000d8100000,0x00000000d8580000)
 ParOldGen       total 125440K, used 11962K [0x0000000084400000, 0x000000008be80000, 0x00000000d6c00000)
  object space 125440K, 9% used [0x0000000084400000,0x0000000084fae840,0x000000008be80000)
 Metaspace       used 8033K, capacity 8302K, committed 8448K, reserved 1056768K
  class space    used 879K, capacity 930K, committed 1024K, reserved 1048576K
Event: 0.995 GC heap after
Heap after GC invocations=13 (full 0):
 PSYoungGen      total 26112K, used 2464K [0x00000000d6c00000, 0x00000000d9700000, 0x0000000100000000)
  eden space 21504K, 0% used [0x00000000d6c00000,0x00000000d6c00000,0x00000000d8100000)
  from space 4608K, 53% used [0x00000000d8100000,0x00000000d8368000,0x00000000d8580000)
  to   space 4608K, 0% used [0x00000000d9280000,0x00000000d9280000,0x00000000d9700000)
 ParOldGen       total 125440K, used 13698K [0x0000000084400000, 0x000000008be80000, 0x00000000d6c00000)
  object space 125440K, 10% used [0x0000000084400000,0x0000000085160840,0x000000008be80000)
 Metaspace       used 8033K, capacity 8302K, committed 8448K, reserved 1056768K
  class space    used 879K, capacity 930K, committed 1024K, reserved 1048576K
}
Event: 1.218 GC heap before
{Heap before GC invocations=14 (full 0):
 PSYoungGen      total 26112K, used 23968K [0x00000000d6c00000, 0x00000000d9700000, 0x0000000100000000)
  eden space 21504K, 100% used [0x00000000d6c00000,0x00000000d8100000,0x00000000d8100000)
  from space 4608K, 53% used [0x00000000d8100000,0x00000000d8368000,0x00000000d8580000)
  to   space 4608K, 0% used [0x00000000d9280000,0x00000000d9280000,0x00000000d9700000)
 ParOldGen       total 125440K, used 13698K [0x0000000084400000, 0x000000008be80000, 0x00000000d6c00000)
  object space 125440K, 10% used [0x0000000084400000,0x0000000085160840,0x000000008be80000)
 Metaspace       used 10399K, capacity 10650K, committed 10880K, reserved 1058816K
  class space    used 1237K, capacity 1284K, committed 1408K, reserved 1048576K
Event: 1.222 GC heap after
Heap after GC invocations=14 (full 0):
 PSYoungGen      total 39424K, used 2764K [0x00000000d6c00000, 0x00000000d9700000, 0x0000000100000000)
  eden space 34816K, 0% used [0x00000000d6c00000,0x00000000d6c00000,0x00000000d8e00000)
  from space 4608K, 60% used [0x00000000d9280000,0x00000000d9533358,0x00000000d9700000)
  to   space 4608K, 0% used [0x00000000d8e00000,0x00000000d8e00000,0x00000000d9280000)
 ParOldGen       total 125440K, used 15692K [0x0000000084400000, 0x000000008be80000, 0x00000000d6c00000)
  object space 125440K, 12% used [0x0000000084400000,0x00000000853533e0,0x000000008be80000)
 Metaspace       used 10399K, capacity 10650K, committed 10880K, reserved 1058816K
  class space    used 1237K, capacity 1284K, committed 1408K, reserved 1048576K
}
Event: 1.562 GC heap before
{Heap before GC invocations=15 (full 0):
 PSYoungGen      total 39424K, used 37580K [0x00000000d6c00000, 0x00000000d9700000, 0x0000000100000000)
  eden space 34816K, 100% used [0x00000000d6c00000,0x00000000d8e00000,0x00000000d8e00000)
  from space 4608K, 60% used [0x00000000d9280000,0x00000000d9533358,0x00000000d9700000)
  to   space 4608K, 0% used [0x00000000d8e00000,0x00000000d8e00000,0x00000000d9280000)
 ParOldGen       total 125440K, used 15692K [0x0000000084400000, 0x000000008be80000, 0x00000000d6c00000)
  object space 125440K, 12% used [0x0000000084400000,0x00000000853533e0,0x000000008be80000)
 Metaspace       used 11538K, capacity 11912K, committed 12032K, reserved 1060864K
  class space    used 1361K, capacity 1425K, committed 1536K, reserved 1048576K
Event: 1.570 GC heap after
Heap after GC invocations=15 (full 0):
 PSYoungGen      total 39424K, used 3420K [0x00000000d6c00000, 0x00000000d9700000, 0x0000000100000000)
  eden space 34816K, 0% used [0x00000000d6c00000,0x00000000d6c00000,0x00000000d8e00000)
  from space 4608K, 74% used [0x00000000d8e00000,0x00000000d91572f0,0x00000000d9280000)
  to   space 4608K, 0% used [0x00000000d9280000,0x00000000d9280000,0x00000000d9700000)
 ParOldGen       total 125440K, used 16931K [0x0000000084400000, 0x000000008be80000, 0x00000000d6c00000)
  object space 125440K, 13% used [0x0000000084400000,0x0000000085488eb8,0x000000008be80000)
 Metaspace       used 11538K, capacity 11912K, committed 12032K, reserved 1060864K
  class space    used 1361K, capacity 1425K, committed 1536K, reserved 1048576K
}
Event: 1.798 GC heap before
{Heap before GC invocations=16 (full 0):
 PSYoungGen      total 39424K, used 38236K [0x00000000d6c00000, 0x00000000d9700000, 0x0000000100000000)
  eden space 34816K, 100% used [0x00000000d6c00000,0x00000000d8e00000,0x00000000d8e00000)
  from space 4608K, 74% used [0x00000000d8e00000,0x00000000d91572f0,0x00000000d9280000)
  to   space 4608K, 0% used [0x00000000d9280000,0x00000000d9280000,0x00000000d9700000)
 ParOldGen       total 125440K, used 16931K [0x0000000084400000, 0x000000008be80000, 0x00000000d6c00000)
  object space 125440K, 13% used [0x0000000084400000,0x0000000085488eb8,0x000000008be80000)
 Metaspace       used 11657K, capacity 11976K, committed 12288K, reserved 1060864K
  class space    used 1361K, capacity 1425K, committed 1536K, reserved 1048576K
Event: 1.804 GC heap after
Heap after GC invocations=16 (full 0):
 PSYoungGen      total 39424K, used 3008K [0x00000000d6c00000, 0x00000000d9700000, 0x0000000100000000)
  eden space 34816K, 0% used [0x00000000d6c00000,0x00000000d6c00000,0x00000000d8e00000)
  from space 4608K, 65% used [0x00000000d9280000,0x00000000d9570000,0x00000000d9700000)
  to   space 4608K, 0% used [0x00000000d8e00000,0x00000000d8e00000,0x00000000d9280000)
 ParOldGen       total 125440K, used 17203K [0x0000000084400000, 0x000000008be80000, 0x00000000d6c00000)
  object space 125440K, 13% used [0x0000000084400000,0x00000000854cceb8,0x000000008be80000)
 Metaspace       used 11657K, capacity 11976K, committed 12288K, reserved 1060864K
  class space    used 1361K, capacity 1425K, committed 1536K, reserved 1048576K
}

