# JRE version: Java(TM) SE Runtime Environment (8.0_05-b13) (build 1.8.0_05-b13)
# Java VM: Java HotSpot(TM) 64-Bit Server VM (25.5-b02 mixed mode windows-amd64 compressed oops)
Heap:
 PSYoungGen      total 26112K, used 14294K [0x00000000d6c00000, 0x00000000d9700000, 0x0000000100000000)
  eden space 22016K, 52% used [0x00000000d6c00000,0x00000000d772ed18,0x00000000d8180000)
  from space 4096K, 69% used [0x00000000d8600000,0x00000000d88c6bd8,0x00000000d8a00000)
  to   space 4608K, 0% used [0x00000000d8180000,0x00000000d8180000,0x00000000d8600000)
 ParOldGen       total 125440K, used 15935K [0x0000000084400000, 0x000000008be80000, 0x00000000d6c00000)
  object space 125440K, 12% used [0x0000000084400000,0x000000008538ff68,0x000000008be80000)
 Metaspace       used 11110K, capacity 11418K, committed 11648K, reserved 1058816K
  class space    used 1321K, capacity 1396K, committed 1408K, reserved 1048576K
GC Heap History (10 events):
Event: 0.653 GC heap before
{Heap before GC invocations=10 (full 0):
 PSYoungGen      total 9728K, used 9728K [0x00000000d6c00000, 0x00000000d7d00000, 0x0000000100000000)
  eden space 8192K, 100% used [0x00000000d6c00000,0x00000000d7400000,0x00000000d7400000)
  from space 1536K, 100% used [0x00000000d7400000,0x00000000d7580000,0x00000000d7580000)
  to   space 2048K, 0% used [0x00000000d7b00000,0x00000000d7b00000,0x00000000d7d00000)
 ParOldGen       total 125440K, used 2823K [0x0000000084400000, 0x000000008be80000, 0x00000000d6c00000)
  object space 125440K, 2% used [0x0000000084400000,0x00000000846c1da8,0x000000008be80000)
 Metaspace       used 6342K, capacity 6718K, committed 7040K, reserved 1056768K
  class space    used 701K, capacity 770K, committed 896K, reserved 1048576K
Event: 0.655 GC heap after
Heap after GC invocations=10 (full 0):
 PSYoungGen      total 15360K, used 1152K [0x00000000d6c00000, 0x00000000d7d00000, 0x0000000100000000)
  eden space 13312K, 0% used [0x00000000d6c00000,0x00000000d6c00000,0x00000000d7900000)
  from space 2048K, 56% used [0x00000000d7b00000,0x00000000d7c200d8,0x00000000d7d00000)
  to   space 2048K, 0% used [0x00000000d7900000,0x00000000d7900000,0x00000000d7b00000)
 ParOldGen       total 125440K, used 3248K [0x0000000084400000, 0x000000008be80000, 0x00000000d6c00000)
  object space 125440K, 2% used [0x0000000084400000,0x000000008472c3f8,0x000000008be80000)
 Metaspace       used 6342K, capacity 6718K, committed 7040K, reserved 1056768K
  class space    used 701K, capacity 770K, committed 896K, reserved 1048576K
}
Event: 0.834 GC heap before
{Heap before GC invocations=11 (full 0):
 PSYoungGen      total 15360K, used 14464K [0x00000000d6c00000, 0x00000000d7d00000, 0x0000000100000000)
  eden space 13312K, 100% used [0x00000000d6c00000,0x00000000d7900000,0x00000000d7900000)
  from space 2048K, 56% used [0x00000000d7b00000,0x00000000d7c200d8,0x00000000d7d00000)
  to   space 2048K, 0% used [0x00000000d7900000,0x00000000d7900000,0x00000000d7b00000)
 ParOldGen       total 125440K, used 3248K [0x0000000084400000, 0x000000008be80000, 0x00000000d6c00000)
  object space 125440K, 2% used [0x0000000084400000,0x000000008472c3f8,0x000000008be80000)
 Metaspace       used 7929K, capacity 8174K, committed 8448K, reserved 1056768K
  class space    used 872K, capacity 930K, committed 1024K, reserved 1048576K
Event: 0.840 GC heap after
Heap after GC invocations=11 (full 0):
 PSYoungGen      total 15360K, used 2032K [0x00000000d6c00000, 0x00000000d8b00000, 0x0000000100000000)
  eden space 13312K, 0% used [0x00000000d6c00000,0x00000000d6c00000,0x00000000d7900000)
  from space 2048K, 99% used [0x00000000d7900000,0x00000000d7afc010,0x00000000d7b00000)
  to   space 5120K, 0% used [0x00000000d8600000,0x00000000d8600000,0x00000000d8b00000)
 ParOldGen       total 125440K, used 10136K [0x0000000084400000, 0x000000008be80000, 0x00000000d6c00000)
  object space 125440K, 8% used [0x0000000084400000,0x0000000084de6348,0x000000008be80000)
 Metaspace       used 7929K, capacity 8174K, committed 8448K, reserved 1056768K
  class space    used 872K, capacity 930K, committed 1024K, reserved 1048576K
}
Event: 0.948 GC heap before
{Heap before GC invocations=12 (full 0):
 PSYoungGen      total 15360K, used 15344K [0x00000000d6c00000, 0x00000000d8b00000, 0x0000000100000000)
  eden space 13312K, 100% used [0x00000000d6c00000,0x00000000d7900000,0x00000000d7900000)
  from space 2048K, 99% used [0x00000000d7900000,0x00000000d7afc010,0x00000000d7b00000)
  to   space 5120K, 0% used [0x00000000d8600000,0x00000000d8600000,0x00000000d8b00000)
 ParOldGen       total 125440K, used 10136K [0x0000000084400000, 0x000000008be80000, 0x00000000d6c00000)
  object space 125440K, 8% used [0x0000000084400000,0x0000000084de6348,0x000000008be80000)
 Metaspace       used 8021K, capacity 8302K, committed 8448K, reserved 1056768K
  class space    used 876K, capacity 930K, committed 1024K, reserved 1048576K
Event: 0.952 GC heap after
Heap after GC invocations=12 (full 0):
 PSYoungGen      total 25600K, used 1888K [0x00000000d6c00000, 0x00000000d8a00000, 0x0000000100000000)
  eden space 21504K, 0% used [0x00000000d6c00000,0x00000000d6c00000,0x00000000d8100000)
  from space 4096K, 46% used [0x00000000d8600000,0x00000000d87d8000,0x00000000d8a00000)
  to   space 4608K, 0% used [0x00000000d8100000,0x00000000d8100000,0x00000000d8580000)
 ParOldGen       total 125440K, used 12196K [0x0000000084400000, 0x000000008be80000, 0x00000000d6c00000)
  object space 125440K, 9% used [0x0000000084400000,0x0000000084fe93c8,0x000000008be80000)
 Metaspace       used 8021K, capacity 8302K, committed 8448K, reserved 1056768K
  class space    used 876K, capacity 930K, committed 1024K, reserved 1048576K
}
Event: 1.119 GC heap before
{Heap before GC invocations=13 (full 0):
 PSYoungGen      total 25600K, used 23392K [0x00000000d6c00000, 0x00000000d8a00000, 0x0000000100000000)
  eden space 21504K, 100% used [0x00000000d6c00000,0x00000000d8100000,0x00000000d8100000)
  from space 4096K, 46% used [0x00000000d8600000,0x00000000d87d8000,0x00000000d8a00000)
  to   space 4608K, 0% used [0x00000000d8100000,0x00000000d8100000,0x00000000d8580000)
 ParOldGen       total 125440K, used 12196K [0x0000000084400000, 0x000000008be80000, 0x00000000d6c00000)
  object space 125440K, 9% used [0x0000000084400000,0x0000000084fe93c8,0x000000008be80000)
 Metaspace       used 8031K, capacity 8302K, committed 8448K, reserved 1056768K
  class space    used 877K, capacity 930K, committed 1024K, reserved 1048576K
Event: 1.124 GC heap after
Heap after GC invocations=13 (full 0):
 PSYoungGen      total 26112K, used 2464K [0x00000000d6c00000, 0x00000000d8a00000, 0x0000000100000000)
  eden space 21504K, 0% used [0x00000000d6c00000,0x00000000d6c00000,0x00000000d8100000)
  from space 4608K, 53% used [0x00000000d8100000,0x00000000d8368020,0x00000000d8580000)
  to   space 4096K, 0% used [0x00000000d8600000,0x00000000d8600000,0x00000000d8a00000)
 ParOldGen       total 125440K, used 13940K [0x0000000084400000, 0x000000008be80000, 0x00000000d6c00000)
  object space 125440K, 11% used [0x0000000084400000,0x000000008519d3c8,0x000000008be80000)
 Metaspace       used 8031K, capacity 8302K, committed 8448K, reserved 1056768K
  class space    used 877K, capacity 930K, committed 1024K, reserved 1048576K
}
Event: 1.313 GC heap before
{Heap before GC invocations=14 (full 0):
 PSYoungGen      total 26112K, used 23968K [0x00000000d6c00000, 0x00000000d8a00000, 0x0000000100000000)
  eden space 21504K, 100% used [0x00000000d6c00000,0x00000000d8100000,0x00000000d8100000)
  from space 4608K, 53% used [0x00000000d8100000,0x00000000d8368020,0x00000000d8580000)
  to   space 4096K, 0% used [0x00000000d8600000,0x00000000d8600000,0x00000000d8a00000)
 ParOldGen       total 125440K, used 13940K [0x0000000084400000, 0x000000008be80000, 0x00000000d6c00000)
  object space 125440K, 11% used [0x0000000084400000,0x000000008519d3c8,0x000000008be80000)
 Metaspace       used 10406K, capacity 10668K, committed 10880K, reserved 1058816K
  class space    used 1236K, capacity 1287K, committed 1408K, reserved 1048576K
Event: 1.316 GC heap after
Heap after GC invocations=14 (full 0):
 PSYoungGen      total 26112K, used 2842K [0x00000000d6c00000, 0x00000000d9700000, 0x0000000100000000)
  eden space 22016K, 0% used [0x00000000d6c00000,0x00000000d6c00000,0x00000000d8180000)
  from space 4096K, 69% used [0x00000000d8600000,0x00000000d88c6bd8,0x00000000d8a00000)
  to   space 4608K, 0% used [0x00000000d8180000,0x00000000d8180000,0x00000000d8600000)
 ParOldGen       total 125440K, used 15935K [0x0000000084400000, 0x000000008be80000, 0x00000000d6c00000)
  object space 125440K, 12% used [0x0000000084400000,0x000000008538ff68,0x000000008be80000)
 Metaspace       used 10406K, capacity 10668K, committed 10880K, reserved 1058816K
  class space    used 1236K, capacity 1287K, committed 1408K, reserved 1048576K
}

