# JRE version: Java(TM) SE Runtime Environment (8.0_05-b13) (build 1.8.0_05-b13)
# Java VM: Java HotSpot(TM) 64-Bit Server VM (25.5-b02 mixed mode windows-amd64 compressed oops)
Heap:
 PSYoungGen      total 30720K, used 25062K [0x00000000d6c00000, 0x00000000d9980000, 0x0000000100000000)
  eden space 26624K, 84% used [0x00000000d6c00000,0x00000000d81e29d0,0x00000000d8600000)
  from space 4096K, 64% used [0x00000000d8600000,0x00000000d8897060,0x00000000d8a00000)
  to   space 4608K, 0% used [0x00000000d9500000,0x00000000d9500000,0x00000000d9980000)
 ParOldGen       total 125440K, used 16755K [0x0000000084400000, 0x000000008be80000, 0x00000000d6c00000)
  object space 125440K, 13% used [0x0000000084400000,0x000000008545cdb0,0x000000008be80000)
 Metaspace       used 11603K, capacity 11976K, committed 12288K, reserved 1060864K
  class space    used 1359K, capacity 1425K, committed 1536K, reserved 1048576K
GC Heap History (10 events):
Event: 1.631 GC heap before
{Heap before GC invocations=13 (full 0):
 PSYoungGen      total 13312K, used 13312K [0x00000000d6c00000, 0x00000000d8200000, 0x0000000100000000)
  eden space 10240K, 100% used [0x00000000d6c00000,0x00000000d7600000,0x00000000d7600000)
  from space 3072K, 100% used [0x00000000d7b00000,0x00000000d7e00000,0x00000000d7e00000)
  to   space 5120K, 0% used [0x00000000d7600000,0x00000000d7600000,0x00000000d7b00000)
 ParOldGen       total 125440K, used 8946K [0x0000000084400000, 0x000000008be80000, 0x00000000d6c00000)
  object space 125440K, 7% used [0x0000000084400000,0x0000000084cbc810,0x000000008be80000)
 Metaspace       used 8026K, capacity 8302K, committed 8448K, reserved 1056768K
  class space    used 877K, capacity 930K, committed 1024K, reserved 1048576K
Event: 1.637 GC heap after
Heap after GC invocations=13 (full 0):
 PSYoungGen      total 15360K, used 1504K [0x00000000d6c00000, 0x00000000d8500000, 0x0000000100000000)
  eden space 10240K, 0% used [0x00000000d6c00000,0x00000000d6c00000,0x00000000d7600000)
  from space 5120K, 29% used [0x00000000d7600000,0x00000000d7778000,0x00000000d7b00000)
  to   space 4608K, 0% used [0x00000000d8080000,0x00000000d8080000,0x00000000d8500000)
 ParOldGen       total 125440K, used 12027K [0x0000000084400000, 0x000000008be80000, 0x00000000d6c00000)
  object space 125440K, 9% used [0x0000000084400000,0x0000000084fbeff8,0x000000008be80000)
 Metaspace       used 8026K, capacity 8302K, committed 8448K, reserved 1056768K
  class space    used 877K, capacity 930K, committed 1024K, reserved 1048576K
}
Event: 1.735 GC heap before
{Heap before GC invocations=14 (full 0):
 PSYoungGen      total 15360K, used 11744K [0x00000000d6c00000, 0x00000000d8500000, 0x0000000100000000)
  eden space 10240K, 100% used [0x00000000d6c00000,0x00000000d7600000,0x00000000d7600000)
  from space 5120K, 29% used [0x00000000d7600000,0x00000000d7778000,0x00000000d7b00000)
  to   space 4608K, 0% used [0x00000000d8080000,0x00000000d8080000,0x00000000d8500000)
 ParOldGen       total 125440K, used 12027K [0x0000000084400000, 0x000000008be80000, 0x00000000d6c00000)
  object space 125440K, 9% used [0x0000000084400000,0x0000000084fbeff8,0x000000008be80000)
 Metaspace       used 8029K, capacity 8302K, committed 8448K, reserved 1056768K
  class space    used 877K, capacity 930K, committed 1024K, reserved 1048576K
Event: 1.745 GC heap after
Heap after GC invocations=14 (full 0):
 PSYoungGen      total 20992K, used 1312K [0x00000000d6c00000, 0x00000000d8500000, 0x0000000100000000)
  eden space 16384K, 0% used [0x00000000d6c00000,0x00000000d6c00000,0x00000000d7c00000)
  from space 4608K, 28% used [0x00000000d8080000,0x00000000d81c8000,0x00000000d8500000)
  to   space 4608K, 0% used [0x00000000d7c00000,0x00000000d7c00000,0x00000000d8080000)
 ParOldGen       total 125440K, used 13412K [0x0000000084400000, 0x000000008be80000, 0x00000000d6c00000)
  object space 125440K, 10% used [0x0000000084400000,0x0000000085119008,0x000000008be80000)
 Metaspace       used 8029K, capacity 8302K, committed 8448K, reserved 1056768K
  class space    used 877K, capacity 930K, committed 1024K, reserved 1048576K
}
Event: 2.024 GC heap before
{Heap before GC invocations=15 (full 0):
 PSYoungGen      total 20992K, used 17696K [0x00000000d6c00000, 0x00000000d8500000, 0x0000000100000000)
  eden space 16384K, 100% used [0x00000000d6c00000,0x00000000d7c00000,0x00000000d7c00000)
  from space 4608K, 28% used [0x00000000d8080000,0x00000000d81c8000,0x00000000d8500000)
  to   space 4608K, 0% used [0x00000000d7c00000,0x00000000d7c00000,0x00000000d8080000)
 ParOldGen       total 125440K, used 13412K [0x0000000084400000, 0x000000008be80000, 0x00000000d6c00000)
  object space 125440K, 10% used [0x0000000084400000,0x0000000085119008,0x000000008be80000)
 Metaspace       used 8120K, capacity 8366K, committed 8704K, reserved 1056768K
  class space    used 887K, capacity 930K, committed 1024K, reserved 1048576K
Event: 2.030 GC heap after
Heap after GC invocations=15 (full 0):
 PSYoungGen      total 20992K, used 1600K [0x00000000d6c00000, 0x00000000d8f00000, 0x0000000100000000)
  eden space 16384K, 0% used [0x00000000d6c00000,0x00000000d6c00000,0x00000000d7c00000)
  from space 4608K, 34% used [0x00000000d7c00000,0x00000000d7d90020,0x00000000d8080000)
  to   space 4608K, 0% used [0x00000000d8a80000,0x00000000d8a80000,0x00000000d8f00000)
 ParOldGen       total 125440K, used 14548K [0x0000000084400000, 0x000000008be80000, 0x00000000d6c00000)
  object space 125440K, 11% used [0x0000000084400000,0x0000000085235018,0x000000008be80000)
 Metaspace       used 8120K, capacity 8366K, committed 8704K, reserved 1056768K
  class space    used 887K, capacity 930K, committed 1024K, reserved 1048576K
}
Event: 2.233 GC heap before
{Heap before GC invocations=16 (full 0):
 PSYoungGen      total 20992K, used 17984K [0x00000000d6c00000, 0x00000000d8f00000, 0x0000000100000000)
  eden space 16384K, 100% used [0x00000000d6c00000,0x00000000d7c00000,0x00000000d7c00000)
  from space 4608K, 34% used [0x00000000d7c00000,0x00000000d7d90020,0x00000000d8080000)
  to   space 4608K, 0% used [0x00000000d8a80000,0x00000000d8a80000,0x00000000d8f00000)
 ParOldGen       total 125440K, used 14548K [0x0000000084400000, 0x000000008be80000, 0x00000000d6c00000)
  object space 125440K, 11% used [0x0000000084400000,0x0000000085235018,0x000000008be80000)
 Metaspace       used 10352K, capacity 10650K, committed 10880K, reserved 1058816K
  class space    used 1221K, capacity 1284K, committed 1408K, reserved 1048576K
Event: 2.236 GC heap after
Heap after GC invocations=16 (full 0):
 PSYoungGen      total 30208K, used 2188K [0x00000000d6c00000, 0x00000000d8e00000, 0x0000000100000000)
  eden space 26624K, 0% used [0x00000000d6c00000,0x00000000d6c00000,0x00000000d8600000)
  from space 3584K, 61% used [0x00000000d8a80000,0x00000000d8ca3358,0x00000000d8e00000)
  to   space 4096K, 0% used [0x00000000d8600000,0x00000000d8600000,0x00000000d8a00000)
 ParOldGen       total 125440K, used 15998K [0x0000000084400000, 0x000000008be80000, 0x00000000d6c00000)
  object space 125440K, 12% used [0x0000000084400000,0x000000008539f970,0x000000008be80000)
 Metaspace       used 10352K, capacity 10650K, committed 10880K, reserved 1058816K
  class space    used 1221K, capacity 1284K, committed 1408K, reserved 1048576K
}
Event: 2.614 GC heap before
{Heap before GC invocations=17 (full 0):
 PSYoungGen      total 30208K, used 28812K [0x00000000d6c00000, 0x00000000d8e00000, 0x0000000100000000)
  eden space 26624K, 100% used [0x00000000d6c00000,0x00000000d8600000,0x00000000d8600000)
  from space 3584K, 61% used [0x00000000d8a80000,0x00000000d8ca3358,0x00000000d8e00000)
  to   space 4096K, 0% used [0x00000000d8600000,0x00000000d8600000,0x00000000d8a00000)
 ParOldGen       total 125440K, used 15998K [0x0000000084400000, 0x000000008be80000, 0x00000000d6c00000)
  object space 125440K, 12% used [0x0000000084400000,0x000000008539f970,0x000000008be80000)
 Metaspace       used 11418K, capacity 11780K, committed 11904K, reserved 1060864K
  class space    used 1347K, capacity 1403K, committed 1408K, reserved 1048576K
Event: 2.621 GC heap after
Heap after GC invocations=17 (full 0):
 PSYoungGen      total 30720K, used 2652K [0x00000000d6c00000, 0x00000000d9980000, 0x0000000100000000)
  eden space 26624K, 0% used [0x00000000d6c00000,0x00000000d6c00000,0x00000000d8600000)
  from space 4096K, 64% used [0x00000000d8600000,0x00000000d8897060,0x00000000d8a00000)
  to   space 4608K, 0% used [0x00000000d9500000,0x00000000d9500000,0x00000000d9980000)
 ParOldGen       total 125440K, used 16755K [0x0000000084400000, 0x000000008be80000, 0x00000000d6c00000)
  object space 125440K, 13% used [0x0000000084400000,0x000000008545cdb0,0x000000008be80000)
 Metaspace       used 11418K, capacity 11780K, committed 11904K, reserved 1060864K
  class space    used 1347K, capacity 1403K, committed 1408K, reserved 1048576K
}

