# JRE version: Java(TM) SE Runtime Environment (8.0_05-b13) (build 1.8.0_05-b13)
# Java VM: Java HotSpot(TM) 64-Bit Server VM (25.5-b02 mixed mode windows-amd64 compressed oops)
Heap:
 PSYoungGen      total 15360K, used 14618K [0x00000000d6c00000, 0x00000000d7d00000, 0x0000000100000000)
  eden space 13312K, 100% used [0x00000000d6c00000,0x00000000d7900000,0x00000000d7900000)
  from space 2048K, 63% used [0x00000000d7b00000,0x00000000d7c46968,0x00000000d7d00000)
  to   space 2048K, 18% used [0x00000000d7900000,0x00000000d7960000,0x00000000d7b00000)
 ParOldGen       total 125440K, used 4206K [0x0000000084400000, 0x000000008be80000, 0x00000000d6c00000)
  object space 125440K, 3% used [0x0000000084400000,0x000000008481b840,0x000000008be80000)
 Metaspace       used 7914K, capacity 8174K, committed 8448K, reserved 1056768K
  class space    used 873K, capacity 930K, committed 1024K, reserved 1048576K
GC Heap History (10 events):
Event: 0.311 GC heap before
{Heap before GC invocations=6 (full 0):
 PSYoungGen      total 2560K, used 2552K [0x00000000d6c00000, 0x00000000d7300000, 0x0000000100000000)
  eden space 2048K, 100% used [0x00000000d6c00000,0x00000000d6e00000,0x00000000d6e00000)
  from space 512K, 98% used [0x00000000d6e00000,0x00000000d6e7e010,0x00000000d6e80000)
  to   space 1536K, 0% used [0x00000000d7180000,0x00000000d7180000,0x00000000d7300000)
 ParOldGen       total 125440K, used 1515K [0x0000000084400000, 0x000000008be80000, 0x00000000d6c00000)
  object space 125440K, 1% used [0x0000000084400000,0x000000008457aff8,0x000000008be80000)
 Metaspace       used 3942K, capacity 4926K, committed 5120K, reserved 1056768K
  class space    used 429K, capacity 430K, committed 512K, reserved 1048576K
Event: 0.312 GC heap after
Heap after GC invocations=6 (full 0):
 PSYoungGen      total 5632K, used 632K [0x00000000d6c00000, 0x00000000d7300000, 0x0000000100000000)
  eden space 4096K, 0% used [0x00000000d6c00000,0x00000000d6c00000,0x00000000d7000000)
  from space 1536K, 41% used [0x00000000d7180000,0x00000000d721e010,0x00000000d7300000)
  to   space 1536K, 0% used [0x00000000d7000000,0x00000000d7000000,0x00000000d7180000)
 ParOldGen       total 125440K, used 1515K [0x0000000084400000, 0x000000008be80000, 0x00000000d6c00000)
  object space 125440K, 1% used [0x0000000084400000,0x000000008457aff8,0x000000008be80000)
 Metaspace       used 3942K, capacity 4926K, committed 5120K, reserved 1056768K
  class space    used 429K, capacity 430K, committed 512K, reserved 1048576K
}
Event: 0.350 GC heap before
{Heap before GC invocations=7 (full 0):
 PSYoungGen      total 5632K, used 4728K [0x00000000d6c00000, 0x00000000d7300000, 0x0000000100000000)
  eden space 4096K, 100% used [0x00000000d6c00000,0x00000000d7000000,0x00000000d7000000)
  from space 1536K, 41% used [0x00000000d7180000,0x00000000d721e010,0x00000000d7300000)
  to   space 1536K, 0% used [0x00000000d7000000,0x00000000d7000000,0x00000000d7180000)
 ParOldGen       total 125440K, used 1515K [0x0000000084400000, 0x000000008be80000, 0x00000000d6c00000)
  object space 125440K, 1% used [0x0000000084400000,0x000000008457aff8,0x000000008be80000)
 Metaspace       used 4170K, capacity 5184K, committed 5376K, reserved 1056768K
  class space    used 461K, capacity 496K, committed 512K, reserved 1048576K
Event: 0.351 GC heap after
Heap after GC invocations=7 (full 0):
 PSYoungGen      total 5632K, used 550K [0x00000000d6c00000, 0x00000000d7700000, 0x0000000100000000)
  eden space 4096K, 0% used [0x00000000d6c00000,0x00000000d6c00000,0x00000000d7000000)
  from space 1536K, 35% used [0x00000000d7000000,0x00000000d7089a68,0x00000000d7180000)
  to   space 1536K, 0% used [0x00000000d7580000,0x00000000d7580000,0x00000000d7700000)
 ParOldGen       total 125440K, used 1792K [0x0000000084400000, 0x000000008be80000, 0x00000000d6c00000)
  object space 125440K, 1% used [0x0000000084400000,0x00000000845c0390,0x000000008be80000)
 Metaspace       used 4170K, capacity 5184K, committed 5376K, reserved 1056768K
  class space    used 461K, capacity 496K, committed 512K, reserved 1048576K
}
Event: 0.457 GC heap before
{Heap before GC invocations=8 (full 0):
 PSYoungGen      total 5632K, used 4646K [0x00000000d6c00000, 0x00000000d7700000, 0x0000000100000000)
  eden space 4096K, 100% used [0x00000000d6c00000,0x00000000d7000000,0x00000000d7000000)
  from space 1536K, 35% used [0x00000000d7000000,0x00000000d7089a68,0x00000000d7180000)
  to   space 1536K, 0% used [0x00000000d7580000,0x00000000d7580000,0x00000000d7700000)
 ParOldGen       total 125440K, used 1792K [0x0000000084400000, 0x000000008be80000, 0x00000000d6c00000)
  object space 125440K, 1% used [0x0000000084400000,0x00000000845c0390,0x000000008be80000)
 Metaspace       used 5012K, capacity 5610K, committed 5760K, reserved 1056768K
  class space    used 557K, capacity 594K, committed 640K, reserved 1048576K
Event: 0.459 GC heap after
Heap after GC invocations=8 (full 0):
 PSYoungGen      total 9728K, used 1113K [0x00000000d6c00000, 0x00000000d7700000, 0x0000000100000000)
  eden space 8192K, 0% used [0x00000000d6c00000,0x00000000d6c00000,0x00000000d7400000)
  from space 1536K, 72% used [0x00000000d7580000,0x00000000d76965d0,0x00000000d7700000)
  to   space 1536K, 0% used [0x00000000d7400000,0x00000000d7400000,0x00000000d7580000)
 ParOldGen       total 125440K, used 1960K [0x0000000084400000, 0x000000008be80000, 0x00000000d6c00000)
  object space 125440K, 1% used [0x0000000084400000,0x00000000845ea390,0x000000008be80000)
 Metaspace       used 5012K, capacity 5610K, committed 5760K, reserved 1056768K
  class space    used 557K, capacity 594K, committed 640K, reserved 1048576K
}
Event: 0.619 GC heap before
{Heap before GC invocations=9 (full 0):
 PSYoungGen      total 9728K, used 9305K [0x00000000d6c00000, 0x00000000d7700000, 0x0000000100000000)
  eden space 8192K, 100% used [0x00000000d6c00000,0x00000000d7400000,0x00000000d7400000)
  from space 1536K, 72% used [0x00000000d7580000,0x00000000d76965d0,0x00000000d7700000)
  to   space 1536K, 0% used [0x00000000d7400000,0x00000000d7400000,0x00000000d7580000)
 ParOldGen       total 125440K, used 1960K [0x0000000084400000, 0x000000008be80000, 0x00000000d6c00000)
  object space 125440K, 1% used [0x0000000084400000,0x00000000845ea390,0x000000008be80000)
 Metaspace       used 6077K, capacity 6504K, committed 6656K, reserved 1056768K
  class space    used 681K, capacity 764K, committed 768K, reserved 1048576K
Event: 0.622 GC heap after
Heap after GC invocations=9 (full 0):
 PSYoungGen      total 9728K, used 1520K [0x00000000d6c00000, 0x00000000d7d00000, 0x0000000100000000)
  eden space 8192K, 0% used [0x00000000d6c00000,0x00000000d6c00000,0x00000000d7400000)
  from space 1536K, 99% used [0x00000000d7400000,0x00000000d757c3d8,0x00000000d7580000)
  to   space 2048K, 0% used [0x00000000d7b00000,0x00000000d7b00000,0x00000000d7d00000)
 ParOldGen       total 125440K, used 2825K [0x0000000084400000, 0x000000008be80000, 0x00000000d6c00000)
  object space 125440K, 2% used [0x0000000084400000,0x00000000846c25f8,0x000000008be80000)
 Metaspace       used 6077K, capacity 6504K, committed 6656K, reserved 1056768K
  class space    used 681K, capacity 764K, committed 768K, reserved 1048576K
}
Event: 0.672 GC heap before
{Heap before GC invocations=10 (full 0):
 PSYoungGen      total 9728K, used 9712K [0x00000000d6c00000, 0x00000000d7d00000, 0x0000000100000000)
  eden space 8192K, 100% used [0x00000000d6c00000,0x00000000d7400000,0x00000000d7400000)
  from space 1536K, 99% used [0x00000000d7400000,0x00000000d757c3d8,0x00000000d7580000)
  to   space 2048K, 0% used [0x00000000d7b00000,0x00000000d7b00000,0x00000000d7d00000)
 ParOldGen       total 125440K, used 2825K [0x0000000084400000, 0x000000008be80000, 0x00000000d6c00000)
  object space 125440K, 2% used [0x0000000084400000,0x00000000846c25f8,0x000000008be80000)
 Metaspace       used 6334K, capacity 6718K, committed 7040K, reserved 1056768K
  class space    used 702K, capacity 770K, committed 896K, reserved 1048576K
Event: 0.674 GC heap after
Heap after GC invocations=10 (full 0):
 PSYoungGen      total 15360K, used 1306K [0x00000000d6c00000, 0x00000000d7d00000, 0x0000000100000000)
  eden space 13312K, 0% used [0x00000000d6c00000,0x00000000d6c00000,0x00000000d7900000)
  from space 2048K, 63% used [0x00000000d7b00000,0x00000000d7c46968,0x00000000d7d00000)
  to   space 2048K, 0% used [0x00000000d7900000,0x00000000d7900000,0x00000000d7b00000)
 ParOldGen       total 125440K, used 3267K [0x0000000084400000, 0x000000008be80000, 0x00000000d6c00000)
  object space 125440K, 2% used [0x0000000084400000,0x0000000084730c48,0x000000008be80000)
 Metaspace       used 6334K, capacity 6718K, committed 7040K, reserved 1056768K
  class space    used 702K, capacity 770K, committed 896K, reserved 1048576K
}

