# JRE version: Java(TM) SE Runtime Environment (8.0_05-b13) (build 1.8.0_05-b13)
# Java VM: Java HotSpot(TM) 64-Bit Server VM (25.5-b02 mixed mode windows-amd64 compressed oops)
Heap:
 PSYoungGen      total 25600K, used 3534K [0x00000000d6c00000, 0x00000000d8a00000, 0x0000000100000000)
  eden space 21504K, 7% used [0x00000000d6c00000,0x00000000d6da3b40,0x00000000d8100000)
  from space 4096K, 45% used [0x00000000d8600000,0x00000000d87d0000,0x00000000d8a00000)
  to   space 4608K, 0% used [0x00000000d8100000,0x00000000d8100000,0x00000000d8580000)
 ParOldGen       total 125440K, used 11961K [0x0000000084400000, 0x000000008be80000, 0x00000000d6c00000)
  object space 125440K, 9% used [0x0000000084400000,0x0000000084fae4d8,0x000000008be80000)
 Metaspace       used 8025K, capacity 8302K, committed 8448K, reserved 1056768K
  class space    used 876K, capacity 930K, committed 1024K, reserved 1048576K
GC Heap History (10 events):
Event: 0.309 GC heap before
{Heap before GC invocations=7 (full 0):
 PSYoungGen      total 5632K, used 4760K [0x00000000d6c00000, 0x00000000d7300000, 0x0000000100000000)
  eden space 4096K, 100% used [0x00000000d6c00000,0x00000000d7000000,0x00000000d7000000)
  from space 1536K, 43% used [0x00000000d7180000,0x00000000d7226010,0x00000000d7300000)
  to   space 1536K, 0% used [0x00000000d7000000,0x00000000d7000000,0x00000000d7180000)
 ParOldGen       total 125440K, used 1313K [0x0000000084400000, 0x000000008be80000, 0x00000000d6c00000)
  object space 125440K, 1% used [0x0000000084400000,0x0000000084548658,0x000000008be80000)
 Metaspace       used 4161K, capacity 5184K, committed 5376K, reserved 1056768K
  class space    used 460K, capacity 496K, committed 512K, reserved 1048576K
Event: 0.311 GC heap after
Heap after GC invocations=7 (full 0):
 PSYoungGen      total 5632K, used 595K [0x00000000d6c00000, 0x00000000d7700000, 0x0000000100000000)
  eden space 4096K, 0% used [0x00000000d6c00000,0x00000000d6c00000,0x00000000d7000000)
  from space 1536K, 38% used [0x00000000d7000000,0x00000000d7094e20,0x00000000d7180000)
  to   space 1536K, 0% used [0x00000000d7580000,0x00000000d7580000,0x00000000d7700000)
 ParOldGen       total 125440K, used 1558K [0x0000000084400000, 0x000000008be80000, 0x00000000d6c00000)
  object space 125440K, 1% used [0x0000000084400000,0x0000000084585a00,0x000000008be80000)
 Metaspace       used 4161K, capacity 5184K, committed 5376K, reserved 1056768K
  class space    used 460K, capacity 496K, committed 512K, reserved 1048576K
}
Event: 0.417 GC heap before
{Heap before GC invocations=8 (full 0):
 PSYoungGen      total 5632K, used 4691K [0x00000000d6c00000, 0x00000000d7700000, 0x0000000100000000)
  eden space 4096K, 100% used [0x00000000d6c00000,0x00000000d7000000,0x00000000d7000000)
  from space 1536K, 38% used [0x00000000d7000000,0x00000000d7094e20,0x00000000d7180000)
  to   space 1536K, 0% used [0x00000000d7580000,0x00000000d7580000,0x00000000d7700000)
 ParOldGen       total 125440K, used 1558K [0x0000000084400000, 0x000000008be80000, 0x00000000d6c00000)
  object space 125440K, 1% used [0x0000000084400000,0x0000000084585a00,0x000000008be80000)
 Metaspace       used 5002K, capacity 5610K, committed 5760K, reserved 1056768K
  class space    used 556K, capacity 594K, committed 640K, reserved 1048576K
Event: 0.419 GC heap after
Heap after GC invocations=8 (full 0):
 PSYoungGen      total 9728K, used 1127K [0x00000000d6c00000, 0x00000000d7700000, 0x0000000100000000)
  eden space 8192K, 0% used [0x00000000d6c00000,0x00000000d6c00000,0x00000000d7400000)
  from space 1536K, 73% used [0x00000000d7580000,0x00000000d7699fb8,0x00000000d7700000)
  to   space 1536K, 0% used [0x00000000d7400000,0x00000000d7400000,0x00000000d7580000)
 ParOldGen       total 125440K, used 1758K [0x0000000084400000, 0x000000008be80000, 0x00000000d6c00000)
  object space 125440K, 1% used [0x0000000084400000,0x00000000845b7a00,0x000000008be80000)
 Metaspace       used 5002K, capacity 5610K, committed 5760K, reserved 1056768K
  class space    used 556K, capacity 594K, committed 640K, reserved 1048576K
}
Event: 0.571 GC heap before
{Heap before GC invocations=9 (full 0):
 PSYoungGen      total 9728K, used 9319K [0x00000000d6c00000, 0x00000000d7700000, 0x0000000100000000)
  eden space 8192K, 100% used [0x00000000d6c00000,0x00000000d7400000,0x00000000d7400000)
  from space 1536K, 73% used [0x00000000d7580000,0x00000000d7699fb8,0x00000000d7700000)
  to   space 1536K, 0% used [0x00000000d7400000,0x00000000d7400000,0x00000000d7580000)
 ParOldGen       total 125440K, used 1758K [0x0000000084400000, 0x000000008be80000, 0x00000000d6c00000)
  object space 125440K, 1% used [0x0000000084400000,0x00000000845b7a00,0x000000008be80000)
 Metaspace       used 6087K, capacity 6504K, committed 6656K, reserved 1056768K
  class space    used 680K, capacity 764K, committed 768K, reserved 1048576K
Event: 0.574 GC heap after
Heap after GC invocations=9 (full 0):
 PSYoungGen      total 9728K, used 1533K [0x00000000d6c00000, 0x00000000d7d00000, 0x0000000100000000)
  eden space 8192K, 0% used [0x00000000d6c00000,0x00000000d6c00000,0x00000000d7400000)
  from space 1536K, 99% used [0x00000000d7400000,0x00000000d757f400,0x00000000d7580000)
  to   space 2048K, 0% used [0x00000000d7b00000,0x00000000d7b00000,0x00000000d7d00000)
 ParOldGen       total 125440K, used 2589K [0x0000000084400000, 0x000000008be80000, 0x00000000d6c00000)
  object space 125440K, 2% used [0x0000000084400000,0x00000000846875a0,0x000000008be80000)
 Metaspace       used 6087K, capacity 6504K, committed 6656K, reserved 1056768K
  class space    used 680K, capacity 764K, committed 768K, reserved 1048576K
}
Event: 0.619 GC heap before
{Heap before GC invocations=10 (full 0):
 PSYoungGen      total 9728K, used 9725K [0x00000000d6c00000, 0x00000000d7d00000, 0x0000000100000000)
  eden space 8192K, 100% used [0x00000000d6c00000,0x00000000d7400000,0x00000000d7400000)
  from space 1536K, 99% used [0x00000000d7400000,0x00000000d757f400,0x00000000d7580000)
  to   space 2048K, 0% used [0x00000000d7b00000,0x00000000d7b00000,0x00000000d7d00000)
 ParOldGen       total 125440K, used 2589K [0x0000000084400000, 0x000000008be80000, 0x00000000d6c00000)
  object space 125440K, 2% used [0x0000000084400000,0x00000000846875a0,0x000000008be80000)
 Metaspace       used 6339K, capacity 6718K, committed 7040K, reserved 1056768K
  class space    used 701K, capacity 770K, committed 896K, reserved 1048576K
Event: 0.622 GC heap after
Heap after GC invocations=10 (full 0):
 PSYoungGen      total 15360K, used 1174K [0x00000000d6c00000, 0x00000000d7d00000, 0x0000000100000000)
  eden space 13312K, 0% used [0x00000000d6c00000,0x00000000d6c00000,0x00000000d7900000)
  from space 2048K, 57% used [0x00000000d7b00000,0x00000000d7c25858,0x00000000d7d00000)
  to   space 2048K, 0% used [0x00000000d7900000,0x00000000d7900000,0x00000000d7b00000)
 ParOldGen       total 125440K, used 3025K [0x0000000084400000, 0x000000008be80000, 0x00000000d6c00000)
  object space 125440K, 2% used [0x0000000084400000,0x00000000846f4718,0x000000008be80000)
 Metaspace       used 6339K, capacity 6718K, committed 7040K, reserved 1056768K
  class space    used 701K, capacity 770K, committed 896K, reserved 1048576K
}
Event: 0.877 GC heap before
{Heap before GC invocations=11 (full 0):
 PSYoungGen      total 15360K, used 14486K [0x00000000d6c00000, 0x00000000d7d00000, 0x0000000100000000)
  eden space 13312K, 100% used [0x00000000d6c00000,0x00000000d7900000,0x00000000d7900000)
  from space 2048K, 57% used [0x00000000d7b00000,0x00000000d7c25858,0x00000000d7d00000)
  to   space 2048K, 0% used [0x00000000d7900000,0x00000000d7900000,0x00000000d7b00000)
 ParOldGen       total 125440K, used 3025K [0x0000000084400000, 0x000000008be80000, 0x00000000d6c00000)
  object space 125440K, 2% used [0x0000000084400000,0x00000000846f4718,0x000000008be80000)
 Metaspace       used 7932K, capacity 8174K, committed 8448K, reserved 1056768K
  class space    used 872K, capacity 930K, committed 1024K, reserved 1048576K
Event: 0.895 GC heap after
Heap after GC invocations=11 (full 0):
 PSYoungGen      total 15360K, used 2016K [0x00000000d6c00000, 0x00000000d8b00000, 0x0000000100000000)
  eden space 13312K, 0% used [0x00000000d6c00000,0x00000000d6c00000,0x00000000d7900000)
  from space 2048K, 98% used [0x00000000d7900000,0x00000000d7af8010,0x00000000d7b00000)
  to   space 5120K, 0% used [0x00000000d8600000,0x00000000d8600000,0x00000000d8b00000)
 ParOldGen       total 125440K, used 9933K [0x0000000084400000, 0x000000008be80000, 0x00000000d6c00000)
  object space 125440K, 7% used [0x0000000084400000,0x0000000084db3448,0x000000008be80000)
 Metaspace       used 7932K, capacity 8174K, committed 8448K, reserved 1056768K
  class space    used 872K, capacity 930K, committed 1024K, reserved 1048576K
}

