# JRE version: Java(TM) SE Runtime Environment (8.0_05-b13) (build 1.8.0_05-b13)
# Java VM: Java HotSpot(TM) 64-Bit Server VM (25.5-b02 mixed mode windows-amd64 compressed oops)
Heap:
 PSYoungGen      total 11776K, used 8951K [0x00000000d6c00000, 0x00000000d7900000, 0x0000000100000000)
  eden space 10240K, 79% used [0x00000000d6c00000,0x00000000d73e9300,0x00000000d7600000)
  from space 1536K, 55% used [0x00000000d7780000,0x00000000d7854920,0x00000000d7900000)
  to   space 1536K, 0% used [0x00000000d7600000,0x00000000d7600000,0x00000000d7780000)
 ParOldGen       total 125440K, used 2472K [0x0000000084400000, 0x000000008be80000, 0x00000000d6c00000)
  object space 125440K, 1% used [0x0000000084400000,0x000000008466a170,0x000000008be80000)
 Metaspace       used 7877K, capacity 8110K, committed 8448K, reserved 1056768K
  class space    used 867K, capacity 930K, committed 1024K, reserved 1048576K
GC Heap History (10 events):
Event: 0.343 GC heap before
{Heap before GC invocations=8 (full 0):
 PSYoungGen      total 3072K, used 2584K [0x00000000d6c00000, 0x00000000d7200000, 0x0000000100000000)
  eden space 2048K, 100% used [0x00000000d6c00000,0x00000000d6e00000,0x00000000d6e00000)
  from space 1024K, 52% used [0x00000000d6e00000,0x00000000d6e86290,0x00000000d6f00000)
  to   space 1024K, 0% used [0x00000000d7100000,0x00000000d7100000,0x00000000d7200000)
 ParOldGen       total 125440K, used 1186K [0x0000000084400000, 0x000000008be80000, 0x00000000d6c00000)
  object space 125440K, 0% used [0x0000000084400000,0x0000000084528b08,0x000000008be80000)
 Metaspace       used 3947K, capacity 4926K, committed 5120K, reserved 1056768K
  class space    used 429K, capacity 430K, committed 512K, reserved 1048576K
Event: 0.344 GC heap after
Heap after GC invocations=8 (full 0):
 PSYoungGen      total 5120K, used 488K [0x00000000d6c00000, 0x00000000d7200000, 0x0000000100000000)
  eden space 4096K, 0% used [0x00000000d6c00000,0x00000000d6c00000,0x00000000d7000000)
  from space 1024K, 47% used [0x00000000d7100000,0x00000000d717a280,0x00000000d7200000)
  to   space 1024K, 0% used [0x00000000d7000000,0x00000000d7000000,0x00000000d7100000)
 ParOldGen       total 125440K, used 1306K [0x0000000084400000, 0x000000008be80000, 0x00000000d6c00000)
  object space 125440K, 1% used [0x0000000084400000,0x0000000084546b08,0x000000008be80000)
 Metaspace       used 3947K, capacity 4926K, committed 5120K, reserved 1056768K
  class space    used 429K, capacity 430K, committed 512K, reserved 1048576K
}
Event: 0.406 GC heap before
{Heap before GC invocations=9 (full 0):
 PSYoungGen      total 5120K, used 4581K [0x00000000d6c00000, 0x00000000d7200000, 0x0000000100000000)
  eden space 4096K, 99% used [0x00000000d6c00000,0x00000000d6fff3e8,0x00000000d7000000)
  from space 1024K, 47% used [0x00000000d7100000,0x00000000d717a280,0x00000000d7200000)
  to   space 1024K, 0% used [0x00000000d7000000,0x00000000d7000000,0x00000000d7100000)
 ParOldGen       total 125440K, used 1306K [0x0000000084400000, 0x000000008be80000, 0x00000000d6c00000)
  object space 125440K, 1% used [0x0000000084400000,0x0000000084546b08,0x000000008be80000)
 Metaspace       used 4351K, capacity 5344K, committed 5504K, reserved 1056768K
  class space    used 480K, capacity 528K, committed 640K, reserved 1048576K
Event: 0.408 GC heap after
Heap after GC invocations=9 (full 0):
 PSYoungGen      total 5120K, used 971K [0x00000000d6c00000, 0x00000000d7480000, 0x0000000100000000)
  eden space 4096K, 0% used [0x00000000d6c00000,0x00000000d6c00000,0x00000000d7000000)
  from space 1024K, 94% used [0x00000000d7000000,0x00000000d70f2ca0,0x00000000d7100000)
  to   space 1024K, 0% used [0x00000000d7380000,0x00000000d7380000,0x00000000d7480000)
 ParOldGen       total 125440K, used 1482K [0x0000000084400000, 0x000000008be80000, 0x00000000d6c00000)
  object space 125440K, 1% used [0x0000000084400000,0x0000000084572b08,0x000000008be80000)
 Metaspace       used 4351K, capacity 5344K, committed 5504K, reserved 1056768K
  class space    used 480K, capacity 528K, committed 640K, reserved 1048576K
}
Event: 0.514 GC heap before
{Heap before GC invocations=10 (full 0):
 PSYoungGen      total 5120K, used 5067K [0x00000000d6c00000, 0x00000000d7480000, 0x0000000100000000)
  eden space 4096K, 100% used [0x00000000d6c00000,0x00000000d7000000,0x00000000d7000000)
  from space 1024K, 94% used [0x00000000d7000000,0x00000000d70f2ca0,0x00000000d7100000)
  to   space 1024K, 0% used [0x00000000d7380000,0x00000000d7380000,0x00000000d7480000)
 ParOldGen       total 125440K, used 1482K [0x0000000084400000, 0x000000008be80000, 0x00000000d6c00000)
  object space 125440K, 1% used [0x0000000084400000,0x0000000084572b08,0x000000008be80000)
 Metaspace       used 5037K, capacity 5610K, committed 5760K, reserved 1056768K
  class space    used 560K, capacity 594K, committed 640K, reserved 1048576K
Event: 0.515 GC heap after
Heap after GC invocations=10 (full 0):
 PSYoungGen      total 7168K, used 868K [0x00000000d6c00000, 0x00000000d7580000, 0x0000000100000000)
  eden space 6144K, 0% used [0x00000000d6c00000,0x00000000d6c00000,0x00000000d7200000)
  from space 1024K, 84% used [0x00000000d7380000,0x00000000d7459178,0x00000000d7480000)
  to   space 1536K, 0% used [0x00000000d7200000,0x00000000d7200000,0x00000000d7380000)
 ParOldGen       total 125440K, used 1621K [0x0000000084400000, 0x000000008be80000, 0x00000000d6c00000)
  object space 125440K, 1% used [0x0000000084400000,0x0000000084595690,0x000000008be80000)
 Metaspace       used 5037K, capacity 5610K, committed 5760K, reserved 1056768K
  class space    used 560K, capacity 594K, committed 640K, reserved 1048576K
}
Event: 0.637 GC heap before
{Heap before GC invocations=11 (full 0):
 PSYoungGen      total 7168K, used 7012K [0x00000000d6c00000, 0x00000000d7580000, 0x0000000100000000)
  eden space 6144K, 100% used [0x00000000d6c00000,0x00000000d7200000,0x00000000d7200000)
  from space 1024K, 84% used [0x00000000d7380000,0x00000000d7459178,0x00000000d7480000)
  to   space 1536K, 0% used [0x00000000d7200000,0x00000000d7200000,0x00000000d7380000)
 ParOldGen       total 125440K, used 1621K [0x0000000084400000, 0x000000008be80000, 0x00000000d6c00000)
  object space 125440K, 1% used [0x0000000084400000,0x0000000084595690,0x000000008be80000)
 Metaspace       used 5967K, capacity 6352K, committed 6656K, reserved 1056768K
  class space    used 659K, capacity 692K, committed 768K, reserved 1048576K
Event: 0.639 GC heap after
Heap after GC invocations=11 (full 0):
 PSYoungGen      total 7680K, used 1265K [0x00000000d6c00000, 0x00000000d7900000, 0x0000000100000000)
  eden space 6144K, 0% used [0x00000000d6c00000,0x00000000d6c00000,0x00000000d7200000)
  from space 1536K, 82% used [0x00000000d7200000,0x00000000d733c650,0x00000000d7380000)
  to   space 1536K, 0% used [0x00000000d7780000,0x00000000d7780000,0x00000000d7900000)
 ParOldGen       total 125440K, used 2063K [0x0000000084400000, 0x000000008be80000, 0x00000000d6c00000)
  object space 125440K, 1% used [0x0000000084400000,0x0000000084603ce0,0x000000008be80000)
 Metaspace       used 5967K, capacity 6352K, committed 6656K, reserved 1056768K
  class space    used 659K, capacity 692K, committed 768K, reserved 1048576K
}
Event: 0.701 GC heap before
{Heap before GC invocations=12 (full 0):
 PSYoungGen      total 7680K, used 7409K [0x00000000d6c00000, 0x00000000d7900000, 0x0000000100000000)
  eden space 6144K, 100% used [0x00000000d6c00000,0x00000000d7200000,0x00000000d7200000)
  from space 1536K, 82% used [0x00000000d7200000,0x00000000d733c650,0x00000000d7380000)
  to   space 1536K, 0% used [0x00000000d7780000,0x00000000d7780000,0x00000000d7900000)
 ParOldGen       total 125440K, used 2063K [0x0000000084400000, 0x000000008be80000, 0x00000000d6c00000)
  object space 125440K, 1% used [0x0000000084400000,0x0000000084603ce0,0x000000008be80000)
 Metaspace       used 6301K, capacity 6718K, committed 7040K, reserved 1056768K
  class space    used 700K, capacity 770K, committed 896K, reserved 1048576K
Event: 0.703 GC heap after
Heap after GC invocations=12 (full 0):
 PSYoungGen      total 11776K, used 850K [0x00000000d6c00000, 0x00000000d7900000, 0x0000000100000000)
  eden space 10240K, 0% used [0x00000000d6c00000,0x00000000d6c00000,0x00000000d7600000)
  from space 1536K, 55% used [0x00000000d7780000,0x00000000d7854920,0x00000000d7900000)
  to   space 1536K, 0% used [0x00000000d7600000,0x00000000d7600000,0x00000000d7780000)
 ParOldGen       total 125440K, used 2472K [0x0000000084400000, 0x000000008be80000, 0x00000000d6c00000)
  object space 125440K, 1% used [0x0000000084400000,0x000000008466a170,0x000000008be80000)
 Metaspace       used 6301K, capacity 6718K, committed 7040K, reserved 1056768K
  class space    used 700K, capacity 770K, committed 896K, reserved 1048576K
}

