# JRE version: Java(TM) SE Runtime Environment (8.0_05-b13) (build 1.8.0_05-b13)
# Java VM: Java HotSpot(TM) 64-Bit Server VM (25.5-b02 mixed mode windows-amd64 compressed oops)
Heap:
 PSYoungGen      total 15360K, used 6501K [0x00000000d6c00000, 0x00000000d7d00000, 0x0000000100000000)
  eden space 13312K, 39% used [0x00000000d6c00000,0x00000000d71293d8,0x00000000d7900000)
  from space 2048K, 59% used [0x00000000d7b00000,0x00000000d7c300d8,0x00000000d7d00000)
  to   space 2048K, 0% used [0x00000000d7900000,0x00000000d7900000,0x00000000d7b00000)
 ParOldGen       total 125440K, used 3085K [0x0000000084400000, 0x000000008be80000, 0x00000000d6c00000)
  object space 125440K, 2% used [0x0000000084400000,0x00000000847034b0,0x000000008be80000)
 Metaspace       used 7875K, capacity 8110K, committed 8448K, reserved 1056768K
  class space    used 867K, capacity 930K, committed 1024K, reserved 1048576K
GC Heap History (10 events):
Event: 0.350 GC heap before
{Heap before GC invocations=6 (full 0):
 PSYoungGen      total 2560K, used 2552K [0x00000000d6c00000, 0x00000000d7300000, 0x0000000100000000)
  eden space 2048K, 100% used [0x00000000d6c00000,0x00000000d6e00000,0x00000000d6e00000)
  from space 512K, 98% used [0x00000000d6e00000,0x00000000d6e7e010,0x00000000d6e80000)
  to   space 1536K, 0% used [0x00000000d7180000,0x00000000d7180000,0x00000000d7300000)
 ParOldGen       total 125440K, used 1333K [0x0000000084400000, 0x000000008be80000, 0x00000000d6c00000)
  object space 125440K, 1% used [0x0000000084400000,0x000000008454d600,0x000000008be80000)
 Metaspace       used 3930K, capacity 4926K, committed 5120K, reserved 1056768K
  class space    used 429K, capacity 430K, committed 512K, reserved 1048576K
Event: 0.351 GC heap after
Heap after GC invocations=6 (full 0):
 PSYoungGen      total 5632K, used 632K [0x00000000d6c00000, 0x00000000d7300000, 0x0000000100000000)
  eden space 4096K, 0% used [0x00000000d6c00000,0x00000000d6c00000,0x00000000d7000000)
  from space 1536K, 41% used [0x00000000d7180000,0x00000000d721e010,0x00000000d7300000)
  to   space 1536K, 0% used [0x00000000d7000000,0x00000000d7000000,0x00000000d7180000)
 ParOldGen       total 125440K, used 1341K [0x0000000084400000, 0x000000008be80000, 0x00000000d6c00000)
  object space 125440K, 1% used [0x0000000084400000,0x000000008454f600,0x000000008be80000)
 Metaspace       used 3930K, capacity 4926K, committed 5120K, reserved 1056768K
  class space    used 429K, capacity 430K, committed 512K, reserved 1048576K
}
Event: 0.401 GC heap before
{Heap before GC invocations=7 (full 0):
 PSYoungGen      total 5632K, used 4728K [0x00000000d6c00000, 0x00000000d7300000, 0x0000000100000000)
  eden space 4096K, 100% used [0x00000000d6c00000,0x00000000d7000000,0x00000000d7000000)
  from space 1536K, 41% used [0x00000000d7180000,0x00000000d721e010,0x00000000d7300000)
  to   space 1536K, 0% used [0x00000000d7000000,0x00000000d7000000,0x00000000d7180000)
 ParOldGen       total 125440K, used 1341K [0x0000000084400000, 0x000000008be80000, 0x00000000d6c00000)
  object space 125440K, 1% used [0x0000000084400000,0x000000008454f600,0x000000008be80000)
 Metaspace       used 4161K, capacity 5184K, committed 5376K, reserved 1056768K
  class space    used 461K, capacity 496K, committed 512K, reserved 1048576K
Event: 0.402 GC heap after
Heap after GC invocations=7 (full 0):
 PSYoungGen      total 5632K, used 527K [0x00000000d6c00000, 0x00000000d7700000, 0x0000000100000000)
  eden space 4096K, 0% used [0x00000000d6c00000,0x00000000d6c00000,0x00000000d7000000)
  from space 1536K, 34% used [0x00000000d7000000,0x00000000d7083f78,0x00000000d7180000)
  to   space 1536K, 0% used [0x00000000d7580000,0x00000000d7580000,0x00000000d7700000)
 ParOldGen       total 125440K, used 1653K [0x0000000084400000, 0x000000008be80000, 0x00000000d6c00000)
  object space 125440K, 1% used [0x0000000084400000,0x000000008459d610,0x000000008be80000)
 Metaspace       used 4161K, capacity 5184K, committed 5376K, reserved 1056768K
  class space    used 461K, capacity 496K, committed 512K, reserved 1048576K
}
Event: 0.512 GC heap before
{Heap before GC invocations=8 (full 0):
 PSYoungGen      total 5632K, used 4623K [0x00000000d6c00000, 0x00000000d7700000, 0x0000000100000000)
  eden space 4096K, 100% used [0x00000000d6c00000,0x00000000d7000000,0x00000000d7000000)
  from space 1536K, 34% used [0x00000000d7000000,0x00000000d7083f78,0x00000000d7180000)
  to   space 1536K, 0% used [0x00000000d7580000,0x00000000d7580000,0x00000000d7700000)
 ParOldGen       total 125440K, used 1653K [0x0000000084400000, 0x000000008be80000, 0x00000000d6c00000)
  object space 125440K, 1% used [0x0000000084400000,0x000000008459d610,0x000000008be80000)
 Metaspace       used 5005K, capacity 5610K, committed 5760K, reserved 1056768K
  class space    used 557K, capacity 594K, committed 640K, reserved 1048576K
Event: 0.514 GC heap after
Heap after GC invocations=8 (full 0):
 PSYoungGen      total 9728K, used 1230K [0x00000000d6c00000, 0x00000000d7700000, 0x0000000100000000)
  eden space 8192K, 0% used [0x00000000d6c00000,0x00000000d6c00000,0x00000000d7400000)
  from space 1536K, 80% used [0x00000000d7580000,0x00000000d76b3bf8,0x00000000d7700000)
  to   space 1536K, 0% used [0x00000000d7400000,0x00000000d7400000,0x00000000d7580000)
 ParOldGen       total 125440K, used 1789K [0x0000000084400000, 0x000000008be80000, 0x00000000d6c00000)
  object space 125440K, 1% used [0x0000000084400000,0x00000000845bf610,0x000000008be80000)
 Metaspace       used 5005K, capacity 5610K, committed 5760K, reserved 1056768K
  class space    used 557K, capacity 594K, committed 640K, reserved 1048576K
}
Event: 0.695 GC heap before
{Heap before GC invocations=9 (full 0):
 PSYoungGen      total 9728K, used 9422K [0x00000000d6c00000, 0x00000000d7700000, 0x0000000100000000)
  eden space 8192K, 100% used [0x00000000d6c00000,0x00000000d7400000,0x00000000d7400000)
  from space 1536K, 80% used [0x00000000d7580000,0x00000000d76b3bf8,0x00000000d7700000)
  to   space 1536K, 0% used [0x00000000d7400000,0x00000000d7400000,0x00000000d7580000)
 ParOldGen       total 125440K, used 1789K [0x0000000084400000, 0x000000008be80000, 0x00000000d6c00000)
  object space 125440K, 1% used [0x0000000084400000,0x00000000845bf610,0x000000008be80000)
 Metaspace       used 6078K, capacity 6504K, committed 6656K, reserved 1056768K
  class space    used 679K, capacity 764K, committed 768K, reserved 1048576K
Event: 0.699 GC heap after
Heap after GC invocations=9 (full 0):
 PSYoungGen      total 9728K, used 1517K [0x00000000d6c00000, 0x00000000d7d00000, 0x0000000100000000)
  eden space 8192K, 0% used [0x00000000d6c00000,0x00000000d6c00000,0x00000000d7400000)
  from space 1536K, 98% used [0x00000000d7400000,0x00000000d757b448,0x00000000d7580000)
  to   space 2048K, 0% used [0x00000000d7b00000,0x00000000d7b00000,0x00000000d7d00000)
 ParOldGen       total 125440K, used 2643K [0x0000000084400000, 0x000000008be80000, 0x00000000d6c00000)
  object space 125440K, 2% used [0x0000000084400000,0x0000000084694e60,0x000000008be80000)
 Metaspace       used 6078K, capacity 6504K, committed 6656K, reserved 1056768K
  class space    used 679K, capacity 764K, committed 768K, reserved 1048576K
}
Event: 0.759 GC heap before
{Heap before GC invocations=10 (full 0):
 PSYoungGen      total 9728K, used 9709K [0x00000000d6c00000, 0x00000000d7d00000, 0x0000000100000000)
  eden space 8192K, 100% used [0x00000000d6c00000,0x00000000d7400000,0x00000000d7400000)
  from space 1536K, 98% used [0x00000000d7400000,0x00000000d757b448,0x00000000d7580000)
  to   space 2048K, 0% used [0x00000000d7b00000,0x00000000d7b00000,0x00000000d7d00000)
 ParOldGen       total 125440K, used 2643K [0x0000000084400000, 0x000000008be80000, 0x00000000d6c00000)
  object space 125440K, 2% used [0x0000000084400000,0x0000000084694e60,0x000000008be80000)
 Metaspace       used 6335K, capacity 6782K, committed 7040K, reserved 1056768K
  class space    used 701K, capacity 770K, committed 896K, reserved 1048576K
Event: 0.762 GC heap after
Heap after GC invocations=10 (full 0):
 PSYoungGen      total 15360K, used 1216K [0x00000000d6c00000, 0x00000000d7d00000, 0x0000000100000000)
  eden space 13312K, 0% used [0x00000000d6c00000,0x00000000d6c00000,0x00000000d7900000)
  from space 2048K, 59% used [0x00000000d7b00000,0x00000000d7c300d8,0x00000000d7d00000)
  to   space 2048K, 0% used [0x00000000d7900000,0x00000000d7900000,0x00000000d7b00000)
 ParOldGen       total 125440K, used 3085K [0x0000000084400000, 0x000000008be80000, 0x00000000d6c00000)
  object space 125440K, 2% used [0x0000000084400000,0x00000000847034b0,0x000000008be80000)
 Metaspace       used 6335K, capacity 6782K, committed 7040K, reserved 1056768K
  class space    used 701K, capacity 770K, committed 896K, reserved 1048576K
}

