# JRE version: Java(TM) SE Runtime Environment (8.0_05-b13) (build 1.8.0_05-b13)
# Java VM: Java HotSpot(TM) 64-Bit Server VM (25.5-b02 mixed mode windows-amd64 compressed oops)
Heap:
 def new generation   total 1152K, used 1152K [0x00000000a2400000, 0x00000000a2540000, 0x00000000c1800000)
  eden space 1024K, 100% used [0x00000000a2400000, 0x00000000a2500000, 0x00000000a2500000)
  from space 128K, 100% used [0x00000000a2520000, 0x00000000a2540000, 0x00000000a2540000)
  to   space 128K, 100% used [0x00000000a2500000, 0x00000000a2520000, 0x00000000a2520000)
 tenured generation   total 125696K, used 10148K [0x00000000c1800000, 0x00000000c92c0000, 0x0000000100000000)
   the space 125696K,   8% used [0x00000000c1800000, 0x00000000c21ec3f8, 0x00000000c21ec400, 0x00000000c92c0000)
 Metaspace       used 8191K, capacity 8396K, committed 8704K, reserved 1056768K
  class space    used 905K, capacity 964K, committed 1024K, reserved 1048576K
GC Heap History (10 events):
Event: 0.593 GC heap before
{Heap before GC invocations=34 (full 0):
 def new generation   total 1152K, used 1152K [0x00000000a2400000, 0x00000000a2540000, 0x00000000c1800000)
  eden space 1024K, 100% used [0x00000000a2400000, 0x00000000a2500000, 0x00000000a2500000)
  from space 128K, 100% used [0x00000000a2500000, 0x00000000a2520000, 0x00000000a2520000)
  to   space 128K,   0% used [0x00000000a2520000, 0x00000000a2520000, 0x00000000a2540000)
 tenured generation   total 125696K, used 4741K [0x00000000c1800000, 0x00000000c92c0000, 0x0000000100000000)
   the space 125696K,   3% used [0x00000000c1800000, 0x00000000c1ca16e0, 0x00000000c1ca1800, 0x00000000c92c0000)
 Metaspace       used 8191K, capacity 8396K, committed 8704K, reserved 1056768K
  class space    used 905K, capacity 964K, committed 1024K, reserved 1048576K
Event: 0.595 GC heap after
Heap after GC invocations=35 (full 0):
 def new generation   total 1152K, used 128K [0x00000000a2400000, 0x00000000a2540000, 0x00000000c1800000)
  eden space 1024K,   0% used [0x00000000a2400000, 0x00000000a2400000, 0x00000000a2500000)
  from space 128K, 100% used [0x00000000a2520000, 0x00000000a2540000, 0x00000000a2540000)
  to   space 128K,   0% used [0x00000000a2500000, 0x00000000a2500000, 0x00000000a2520000)
 tenured generation   total 125696K, used 5684K [0x00000000c1800000, 0x00000000c92c0000, 0x0000000100000000)
   the space 125696K,   4% used [0x00000000c1800000, 0x00000000c1d8d320, 0x00000000c1d8d400, 0x00000000c92c0000)
 Metaspace       used 8191K, capacity 8396K, committed 8704K, reserved 1056768K
  class space    used 905K, capacity 964K, committed 1024K, reserved 1048576K
}
Event: 0.603 GC heap before
{Heap before GC invocations=35 (full 0):
 def new generation   total 1152K, used 1152K [0x00000000a2400000, 0x00000000a2540000, 0x00000000c1800000)
  eden space 1024K, 100% used [0x00000000a2400000, 0x00000000a2500000, 0x00000000a2500000)
  from space 128K, 100% used [0x00000000a2520000, 0x00000000a2540000, 0x00000000a2540000)
  to   space 128K,   0% used [0x00000000a2500000, 0x00000000a2500000, 0x00000000a2520000)
 tenured generation   total 125696K, used 5684K [0x00000000c1800000, 0x00000000c92c0000, 0x0000000100000000)
   the space 125696K,   4% used [0x00000000c1800000, 0x00000000c1d8d320, 0x00000000c1d8d400, 0x00000000c92c0000)
 Metaspace       used 8191K, capacity 8396K, committed 8704K, reserved 1056768K
  class space    used 905K, capacity 964K, committed 1024K, reserved 1048576K
Event: 0.606 GC heap after
Heap after GC invocations=36 (full 0):
 def new generation   total 1152K, used 127K [0x00000000a2400000, 0x00000000a2540000, 0x00000000c1800000)
  eden space 1024K,   0% used [0x00000000a2400000, 0x00000000a2400000, 0x00000000a2500000)
  from space 128K,  99% used [0x00000000a2500000, 0x00000000a251fff8, 0x00000000a2520000)
  to   space 128K,   0% used [0x00000000a2520000, 0x00000000a2520000, 0x00000000a2540000)
 tenured generation   total 125696K, used 6629K [0x00000000c1800000, 0x00000000c92c0000, 0x0000000100000000)
   the space 125696K,   5% used [0x00000000c1800000, 0x00000000c1e794a0, 0x00000000c1e79600, 0x00000000c92c0000)
 Metaspace       used 8191K, capacity 8396K, committed 8704K, reserved 1056768K
  class space    used 905K, capacity 964K, committed 1024K, reserved 1048576K
}
Event: 0.614 GC heap before
{Heap before GC invocations=36 (full 0):
 def new generation   total 1152K, used 1151K [0x00000000a2400000, 0x00000000a2540000, 0x00000000c1800000)
  eden space 1024K, 100% used [0x00000000a2400000, 0x00000000a2500000, 0x00000000a2500000)
  from space 128K,  99% used [0x00000000a2500000, 0x00000000a251fff8, 0x00000000a2520000)
  to   space 128K,   0% used [0x00000000a2520000, 0x00000000a2520000, 0x00000000a2540000)
 tenured generation   total 125696K, used 6629K [0x00000000c1800000, 0x00000000c92c0000, 0x0000000100000000)
   the space 125696K,   5% used [0x00000000c1800000, 0x00000000c1e794a0, 0x00000000c1e79600, 0x00000000c92c0000)
 Metaspace       used 8191K, capacity 8396K, committed 8704K, reserved 1056768K
  class space    used 905K, capacity 964K, committed 1024K, reserved 1048576K
Event: 0.616 GC heap after
Heap after GC invocations=37 (full 0):
 def new generation   total 1152K, used 127K [0x00000000a2400000, 0x00000000a2540000, 0x00000000c1800000)
  eden space 1024K,   0% used [0x00000000a2400000, 0x00000000a2400000, 0x00000000a2500000)
  from space 128K,  99% used [0x00000000a2520000, 0x00000000a253fff0, 0x00000000a2540000)
  to   space 128K,   0% used [0x00000000a2500000, 0x00000000a2500000, 0x00000000a2520000)
 tenured generation   total 125696K, used 7570K [0x00000000c1800000, 0x00000000c92c0000, 0x0000000100000000)
   the space 125696K,   6% used [0x00000000c1800000, 0x00000000c1f649b0, 0x00000000c1f64a00, 0x00000000c92c0000)
 Metaspace       used 8191K, capacity 8396K, committed 8704K, reserved 1056768K
  class space    used 905K, capacity 964K, committed 1024K, reserved 1048576K
}
Event: 0.628 GC heap before
{Heap before GC invocations=37 (full 0):
 def new generation   total 1152K, used 1151K [0x00000000a2400000, 0x00000000a2540000, 0x00000000c1800000)
  eden space 1024K, 100% used [0x00000000a2400000, 0x00000000a2500000, 0x00000000a2500000)
  from space 128K,  99% used [0x00000000a2520000, 0x00000000a253fff0, 0x00000000a2540000)
  to   space 128K,   0% used [0x00000000a2500000, 0x00000000a2500000, 0x00000000a2520000)
 tenured generation   total 125696K, used 7570K [0x00000000c1800000, 0x00000000c92c0000, 0x0000000100000000)
   the space 125696K,   6% used [0x00000000c1800000, 0x00000000c1f649b0, 0x00000000c1f64a00, 0x00000000c92c0000)
 Metaspace       used 8191K, capacity 8396K, committed 8704K, reserved 1056768K
  class space    used 905K, capacity 964K, committed 1024K, reserved 1048576K
Event: 0.630 GC heap after
Heap after GC invocations=38 (full 0):
 def new generation   total 1152K, used 128K [0x00000000a2400000, 0x00000000a2540000, 0x00000000c1800000)
  eden space 1024K,   0% used [0x00000000a2400000, 0x00000000a2400000, 0x00000000a2500000)
  from space 128K, 100% used [0x00000000a2500000, 0x00000000a2520000, 0x00000000a2520000)
  to   space 128K,   0% used [0x00000000a2520000, 0x00000000a2520000, 0x00000000a2540000)
 tenured generation   total 125696K, used 8512K [0x00000000c1800000, 0x00000000c92c0000, 0x0000000100000000)
   the space 125696K,   6% used [0x00000000c1800000, 0x00000000c2050020, 0x00000000c2050200, 0x00000000c92c0000)
 Metaspace       used 8191K, capacity 8396K, committed 8704K, reserved 1056768K
  class space    used 905K, capacity 964K, committed 1024K, reserved 1048576K
}
Event: 0.639 GC heap before
{Heap before GC invocations=38 (full 0):
 def new generation   total 1152K, used 1152K [0x00000000a2400000, 0x00000000a2540000, 0x00000000c1800000)
  eden space 1024K, 100% used [0x00000000a2400000, 0x00000000a2500000, 0x00000000a2500000)
  from space 128K, 100% used [0x00000000a2500000, 0x00000000a2520000, 0x00000000a2520000)
  to   space 128K,   0% used [0x00000000a2520000, 0x00000000a2520000, 0x00000000a2540000)
 tenured generation   total 125696K, used 8512K [0x00000000c1800000, 0x00000000c92c0000, 0x0000000100000000)
   the space 125696K,   6% used [0x00000000c1800000, 0x00000000c2050020, 0x00000000c2050200, 0x00000000c92c0000)
 Metaspace       used 8191K, capacity 8396K, committed 8704K, reserved 1056768K
  class space    used 905K, capacity 964K, committed 1024K, reserved 1048576K
Event: 0.641 GC heap after
Heap after GC invocations=39 (full 0):
 def new generation   total 1152K, used 128K [0x00000000a2400000, 0x00000000a2540000, 0x00000000c1800000)
  eden space 1024K,   0% used [0x00000000a2400000, 0x00000000a2400000, 0x00000000a2500000)
  from space 128K, 100% used [0x00000000a2520000, 0x00000000a2540000, 0x00000000a2540000)
  to   space 128K,   0% used [0x00000000a2500000, 0x00000000a2500000, 0x00000000a2520000)
 tenured generation   total 125696K, used 9456K [0x00000000c1800000, 0x00000000c92c0000, 0x0000000100000000)
   the space 125696K,   7% used [0x00000000c1800000, 0x00000000c213c388, 0x00000000c213c400, 0x00000000c92c0000)
 Metaspace       used 8191K, capacity 8396K, committed 8704K, reserved 1056768K
  class space    used 905K, capacity 964K, committed 1024K, reserved 1048576K
}

