# JRE version: Java(TM) SE Runtime Environment (8.0_05-b13) (build 1.8.0_05-b13)
# Java VM: Java HotSpot(TM) 64-Bit Server VM (25.5-b02 mixed mode windows-amd64 compressed oops)
Heap:
 def new generation   total 1152K, used 277K [0x00000000a2400000, 0x00000000a2540000, 0x00000000c1800000)
  eden space 1024K,  16% used [0x00000000a2400000, 0x00000000a2429728, 0x00000000a2500000)
  from space 128K,  87% used [0x00000000a2520000, 0x00000000a253be00, 0x00000000a2540000)
  to   space 128K,   0% used [0x00000000a2500000, 0x00000000a2500000, 0x00000000a2520000)
 tenured generation   total 125696K, used 8962K [0x00000000c1800000, 0x00000000c92c0000, 0x0000000100000000)
   the space 125696K,   7% used [0x00000000c1800000, 0x00000000c20c0ad0, 0x00000000c20c0c00, 0x00000000c92c0000)
 Metaspace       used 12739K, capacity 13055K, committed 13440K, reserved 1064960K
  class space    used 1516K, capacity 1570K, committed 1664K, reserved 1048576K
GC Heap History (10 events):
Event: 0.974 GC heap before
{Heap before GC invocations=75 (full 0):
 def new generation   total 1152K, used 1151K [0x00000000a2400000, 0x00000000a2540000, 0x00000000c1800000)
  eden space 1024K, 100% used [0x00000000a2400000, 0x00000000a2500000, 0x00000000a2500000)
  from space 128K,  99% used [0x00000000a2520000, 0x00000000a253fff8, 0x00000000a2540000)
  to   space 128K,   0% used [0x00000000a2500000, 0x00000000a2500000, 0x00000000a2520000)
 tenured generation   total 125696K, used 8619K [0x00000000c1800000, 0x00000000c92c0000, 0x0000000100000000)
   the space 125696K,   6% used [0x00000000c1800000, 0x00000000c206ae68, 0x00000000c206b000, 0x00000000c92c0000)
 Metaspace       used 12669K, capacity 12961K, committed 13184K, reserved 1064960K
  class space    used 1513K, capacity 1565K, committed 1664K, reserved 1048576K
Event: 0.975 GC heap after
Heap after GC invocations=76 (full 0):
 def new generation   total 1152K, used 76K [0x00000000a2400000, 0x00000000a2540000, 0x00000000c1800000)
  eden space 1024K,   0% used [0x00000000a2400000, 0x00000000a2400000, 0x00000000a2500000)
  from space 128K,  59% used [0x00000000a2500000, 0x00000000a2513078, 0x00000000a2520000)
  to   space 128K,   0% used [0x00000000a2520000, 0x00000000a2520000, 0x00000000a2540000)
 tenured generation   total 125696K, used 8695K [0x00000000c1800000, 0x00000000c92c0000, 0x0000000100000000)
   the space 125696K,   6% used [0x00000000c1800000, 0x00000000c207de80, 0x00000000c207e000, 0x00000000c92c0000)
 Metaspace       used 12669K, capacity 12961K, committed 13184K, reserved 1064960K
  class space    used 1513K, capacity 1565K, committed 1664K, reserved 1048576K
}
Event: 0.983 GC heap before
{Heap before GC invocations=76 (full 0):
 def new generation   total 1152K, used 1100K [0x00000000a2400000, 0x00000000a2540000, 0x00000000c1800000)
  eden space 1024K, 100% used [0x00000000a2400000, 0x00000000a2500000, 0x00000000a2500000)
  from space 128K,  59% used [0x00000000a2500000, 0x00000000a2513078, 0x00000000a2520000)
  to   space 128K,   0% used [0x00000000a2520000, 0x00000000a2520000, 0x00000000a2540000)
 tenured generation   total 125696K, used 8695K [0x00000000c1800000, 0x00000000c92c0000, 0x0000000100000000)
   the space 125696K,   6% used [0x00000000c1800000, 0x00000000c207de80, 0x00000000c207e000, 0x00000000c92c0000)
 Metaspace       used 12677K, capacity 12961K, committed 13184K, reserved 1064960K
  class space    used 1513K, capacity 1565K, committed 1664K, reserved 1048576K
Event: 0.984 GC heap after
Heap after GC invocations=77 (full 0):
 def new generation   total 1152K, used 128K [0x00000000a2400000, 0x00000000a2540000, 0x00000000c1800000)
  eden space 1024K,   0% used [0x00000000a2400000, 0x00000000a2400000, 0x00000000a2500000)
  from space 128K, 100% used [0x00000000a2520000, 0x00000000a2540000, 0x00000000a2540000)
  to   space 128K,   0% used [0x00000000a2500000, 0x00000000a2500000, 0x00000000a2520000)
 tenured generation   total 125696K, used 8742K [0x00000000c1800000, 0x00000000c92c0000, 0x0000000100000000)
   the space 125696K,   6% used [0x00000000c1800000, 0x00000000c20899f8, 0x00000000c2089a00, 0x00000000c92c0000)
 Metaspace       used 12677K, capacity 12961K, committed 13184K, reserved 1064960K
  class space    used 1513K, capacity 1565K, committed 1664K, reserved 1048576K
}
Event: 0.991 GC heap before
{Heap before GC invocations=77 (full 0):
 def new generation   total 1152K, used 1152K [0x00000000a2400000, 0x00000000a2540000, 0x00000000c1800000)
  eden space 1024K, 100% used [0x00000000a2400000, 0x00000000a2500000, 0x00000000a2500000)
  from space 128K, 100% used [0x00000000a2520000, 0x00000000a2540000, 0x00000000a2540000)
  to   space 128K,   0% used [0x00000000a2500000, 0x00000000a2500000, 0x00000000a2520000)
 tenured generation   total 125696K, used 8742K [0x00000000c1800000, 0x00000000c92c0000, 0x0000000100000000)
   the space 125696K,   6% used [0x00000000c1800000, 0x00000000c20899f8, 0x00000000c2089a00, 0x00000000c92c0000)
 Metaspace       used 12703K, capacity 12991K, committed 13184K, reserved 1064960K
  class space    used 1516K, capacity 1570K, committed 1664K, reserved 1048576K
Event: 0.992 GC heap after
Heap after GC invocations=78 (full 0):
 def new generation   total 1152K, used 65K [0x00000000a2400000, 0x00000000a2540000, 0x00000000c1800000)
  eden space 1024K,   0% used [0x00000000a2400000, 0x00000000a2400000, 0x00000000a2500000)
  from space 128K,  50% used [0x00000000a2500000, 0x00000000a25104b0, 0x00000000a2520000)
  to   space 128K,   0% used [0x00000000a2520000, 0x00000000a2520000, 0x00000000a2540000)
 tenured generation   total 125696K, used 8831K [0x00000000c1800000, 0x00000000c92c0000, 0x0000000100000000)
   the space 125696K,   7% used [0x00000000c1800000, 0x00000000c209fe10, 0x00000000c20a0000, 0x00000000c92c0000)
 Metaspace       used 12703K, capacity 12991K, committed 13184K, reserved 1064960K
  class space    used 1516K, capacity 1570K, committed 1664K, reserved 1048576K
}
Event: 1.001 GC heap before
{Heap before GC invocations=78 (full 0):
 def new generation   total 1152K, used 1089K [0x00000000a2400000, 0x00000000a2540000, 0x00000000c1800000)
  eden space 1024K, 100% used [0x00000000a2400000, 0x00000000a2500000, 0x00000000a2500000)
  from space 128K,  50% used [0x00000000a2500000, 0x00000000a25104b0, 0x00000000a2520000)
  to   space 128K,   0% used [0x00000000a2520000, 0x00000000a2520000, 0x00000000a2540000)
 tenured generation   total 125696K, used 8831K [0x00000000c1800000, 0x00000000c92c0000, 0x0000000100000000)
   the space 125696K,   7% used [0x00000000c1800000, 0x00000000c209fe10, 0x00000000c20a0000, 0x00000000c92c0000)
 Metaspace       used 12719K, capacity 13055K, committed 13440K, reserved 1064960K
  class space    used 1516K, capacity 1570K, committed 1664K, reserved 1048576K
Event: 1.002 GC heap after
Heap after GC invocations=79 (full 0):
 def new generation   total 1152K, used 128K [0x00000000a2400000, 0x00000000a2540000, 0x00000000c1800000)
  eden space 1024K,   0% used [0x00000000a2400000, 0x00000000a2400000, 0x00000000a2500000)
  from space 128K, 100% used [0x00000000a2520000, 0x00000000a2540000, 0x00000000a2540000)
  to   space 128K,   0% used [0x00000000a2500000, 0x00000000a2500000, 0x00000000a2520000)
 tenured generation   total 125696K, used 8864K [0x00000000c1800000, 0x00000000c92c0000, 0x0000000100000000)
   the space 125696K,   7% used [0x00000000c1800000, 0x00000000c20a80a0, 0x00000000c20a8200, 0x00000000c92c0000)
 Metaspace       used 12719K, capacity 13055K, committed 13440K, reserved 1064960K
  class space    used 1516K, capacity 1570K, committed 1664K, reserved 1048576K
}
Event: 1.011 GC heap before
{Heap before GC invocations=79 (full 0):
 def new generation   total 1152K, used 1144K [0x00000000a2400000, 0x00000000a2540000, 0x00000000c1800000)
  eden space 1024K,  99% used [0x00000000a2400000, 0x00000000a24fe160, 0x00000000a2500000)
  from space 128K, 100% used [0x00000000a2520000, 0x00000000a2540000, 0x00000000a2540000)
  to   space 128K,   0% used [0x00000000a2500000, 0x00000000a2500000, 0x00000000a2520000)
 tenured generation   total 125696K, used 8864K [0x00000000c1800000, 0x00000000c92c0000, 0x0000000100000000)
   the space 125696K,   7% used [0x00000000c1800000, 0x00000000c20a80a0, 0x00000000c20a8200, 0x00000000c92c0000)
 Metaspace       used 12727K, capacity 13055K, committed 13440K, reserved 1064960K
  class space    used 1516K, capacity 1570K, committed 1664K, reserved 1048576K
Event: 1.012 GC heap after
Heap after GC invocations=80 (full 0):
 def new generation   total 1152K, used 71K [0x00000000a2400000, 0x00000000a2540000, 0x00000000c1800000)
  eden space 1024K,   0% used [0x00000000a2400000, 0x00000000a2400000, 0x00000000a2500000)
  from space 128K,  55% used [0x00000000a2500000, 0x00000000a2511c48, 0x00000000a2520000)
  to   space 128K,   0% used [0x00000000a2520000, 0x00000000a2520000, 0x00000000a2540000)
 tenured generation   total 125696K, used 8947K [0x00000000c1800000, 0x00000000c92c0000, 0x0000000100000000)
   the space 125696K,   7% used [0x00000000c1800000, 0x00000000c20bcd10, 0x00000000c20bce00, 0x00000000c92c0000)
 Metaspace       used 12727K, capacity 13055K, committed 13440K, reserved 1064960K
  class space    used 1516K, capacity 1570K, committed 1664K, reserved 1048576K
}

