# JRE version: Java(TM) SE Runtime Environment (8.0_05-b13) (build 1.8.0_05-b13)
# Java VM: Java HotSpot(TM) 64-Bit Server VM (25.5-b02 mixed mode windows-amd64 compressed oops)
Heap:
 def new generation   total 1152K, used 1151K [0x00000000a2400000, 0x00000000a2540000, 0x00000000c1800000)
  eden space 1024K, 100% used [0x00000000a2400000, 0x00000000a2500000, 0x00000000a2500000)
  from space 128K,  99% used [0x00000000a2500000, 0x00000000a251fff0, 0x00000000a2520000)
  to   space 128K,   0% used [0x00000000a2520000, 0x00000000a2520058, 0x00000000a2540000)
 tenured generation   total 125696K, used 10404K [0x00000000c1800000, 0x00000000c92c0000, 0x0000000100000000)
   the space 125696K,   8% used [0x00000000c1800000, 0x00000000c2229118, 0x00000000c2229200, 0x00000000c92c0000)
 Metaspace       used 8191K, capacity 8396K, committed 8704K, reserved 1056768K
  class space    used 905K, capacity 964K, committed 1024K, reserved 1048576K
GC Heap History (10 events):
Event: 0.540 GC heap after
Heap after GC invocations=34 (full 0):
 def new generation   total 1152K, used 128K [0x00000000a2400000, 0x00000000a2540000, 0x00000000c1800000)
  eden space 1024K,   0% used [0x00000000a2400000, 0x00000000a2400000, 0x00000000a2500000)
  from space 128K, 100% used [0x00000000a2500000, 0x00000000a2520000, 0x00000000a2520000)
  to   space 128K,   0% used [0x00000000a2520000, 0x00000000a2520000, 0x00000000a2540000)
 tenured generation   total 125696K, used 4745K [0x00000000c1800000, 0x00000000c92c0000, 0x0000000100000000)
   the space 125696K,   3% used [0x00000000c1800000, 0x00000000c1ca24e8, 0x00000000c1ca2600, 0x00000000c92c0000)
 Metaspace       used 8162K, capacity 8396K, committed 8704K, reserved 1056768K
  class space    used 905K, capacity 964K, committed 1024K, reserved 1048576K
}
Event: 0.562 GC heap before
{Heap before GC invocations=34 (full 0):
 def new generation   total 1152K, used 1152K [0x00000000a2400000, 0x00000000a2540000, 0x00000000c1800000)
  eden space 1024K, 100% used [0x00000000a2400000, 0x00000000a2500000, 0x00000000a2500000)
  from space 128K, 100% used [0x00000000a2500000, 0x00000000a2520000, 0x00000000a2520000)
  to   space 128K,   0% used [0x00000000a2520000, 0x00000000a2520000, 0x00000000a2540000)
 tenured generation   total 125696K, used 4745K [0x00000000c1800000, 0x00000000c92c0000, 0x0000000100000000)
   the space 125696K,   3% used [0x00000000c1800000, 0x00000000c1ca24e8, 0x00000000c1ca2600, 0x00000000c92c0000)
 Metaspace       used 8191K, capacity 8396K, committed 8704K, reserved 1056768K
  class space    used 905K, capacity 964K, committed 1024K, reserved 1048576K
Event: 0.564 GC heap after
Heap after GC invocations=35 (full 0):
 def new generation   total 1152K, used 127K [0x00000000a2400000, 0x00000000a2540000, 0x00000000c1800000)
  eden space 1024K,   0% used [0x00000000a2400000, 0x00000000a2400000, 0x00000000a2500000)
  from space 128K,  99% used [0x00000000a2520000, 0x00000000a253fff8, 0x00000000a2540000)
  to   space 128K,   0% used [0x00000000a2500000, 0x00000000a2500000, 0x00000000a2520000)
 tenured generation   total 125696K, used 5688K [0x00000000c1800000, 0x00000000c92c0000, 0x0000000100000000)
   the space 125696K,   4% used [0x00000000c1800000, 0x00000000c1d8e0c8, 0x00000000c1d8e200, 0x00000000c92c0000)
 Metaspace       used 8191K, capacity 8396K, committed 8704K, reserved 1056768K
  class space    used 905K, capacity 964K, committed 1024K, reserved 1048576K
}
Event: 0.577 GC heap before
{Heap before GC invocations=35 (full 0):
 def new generation   total 1152K, used 1151K [0x00000000a2400000, 0x00000000a2540000, 0x00000000c1800000)
  eden space 1024K, 100% used [0x00000000a2400000, 0x00000000a2500000, 0x00000000a2500000)
  from space 128K,  99% used [0x00000000a2520000, 0x00000000a253fff8, 0x00000000a2540000)
  to   space 128K,   0% used [0x00000000a2500000, 0x00000000a2500000, 0x00000000a2520000)
 tenured generation   total 125696K, used 5688K [0x00000000c1800000, 0x00000000c92c0000, 0x0000000100000000)
   the space 125696K,   4% used [0x00000000c1800000, 0x00000000c1d8e0c8, 0x00000000c1d8e200, 0x00000000c92c0000)
 Metaspace       used 8191K, capacity 8396K, committed 8704K, reserved 1056768K
  class space    used 905K, capacity 964K, committed 1024K, reserved 1048576K
Event: 0.579 GC heap after
Heap after GC invocations=36 (full 0):
 def new generation   total 1152K, used 128K [0x00000000a2400000, 0x00000000a2540000, 0x00000000c1800000)
  eden space 1024K,   0% used [0x00000000a2400000, 0x00000000a2400000, 0x00000000a2500000)
  from space 128K, 100% used [0x00000000a2500000, 0x00000000a2520000, 0x00000000a2520000)
  to   space 128K,   0% used [0x00000000a2520000, 0x00000000a2520000, 0x00000000a2540000)
 tenured generation   total 125696K, used 6632K [0x00000000c1800000, 0x00000000c92c0000, 0x0000000100000000)
   the space 125696K,   5% used [0x00000000c1800000, 0x00000000c1e7a1b0, 0x00000000c1e7a200, 0x00000000c92c0000)
 Metaspace       used 8191K, capacity 8396K, committed 8704K, reserved 1056768K
  class space    used 905K, capacity 964K, committed 1024K, reserved 1048576K
}
Event: 0.588 GC heap before
{Heap before GC invocations=36 (full 0):
 def new generation   total 1152K, used 1152K [0x00000000a2400000, 0x00000000a2540000, 0x00000000c1800000)
  eden space 1024K, 100% used [0x00000000a2400000, 0x00000000a2500000, 0x00000000a2500000)
  from space 128K, 100% used [0x00000000a2500000, 0x00000000a2520000, 0x00000000a2520000)
  to   space 128K,   0% used [0x00000000a2520000, 0x00000000a2520000, 0x00000000a2540000)
 tenured generation   total 125696K, used 6632K [0x00000000c1800000, 0x00000000c92c0000, 0x0000000100000000)
   the space 125696K,   5% used [0x00000000c1800000, 0x00000000c1e7a1b0, 0x00000000c1e7a200, 0x00000000c92c0000)
 Metaspace       used 8191K, capacity 8396K, committed 8704K, reserved 1056768K
  class space    used 905K, capacity 964K, committed 1024K, reserved 1048576K
Event: 0.591 GC heap after
Heap after GC invocations=37 (full 0):
 def new generation   total 1152K, used 128K [0x00000000a2400000, 0x00000000a2540000, 0x00000000c1800000)
  eden space 1024K,   0% used [0x00000000a2400000, 0x00000000a2400000, 0x00000000a2500000)
  from space 128K, 100% used [0x00000000a2520000, 0x00000000a2540000, 0x00000000a2540000)
  to   space 128K,   0% used [0x00000000a2500000, 0x00000000a2500000, 0x00000000a2520000)
 tenured generation   total 125696K, used 7574K [0x00000000c1800000, 0x00000000c92c0000, 0x0000000100000000)
   the space 125696K,   6% used [0x00000000c1800000, 0x00000000c1f65818, 0x00000000c1f65a00, 0x00000000c92c0000)
 Metaspace       used 8191K, capacity 8396K, committed 8704K, reserved 1056768K
  class space    used 905K, capacity 964K, committed 1024K, reserved 1048576K
}
Event: 0.599 GC heap before
{Heap before GC invocations=37 (full 0):
 def new generation   total 1152K, used 1152K [0x00000000a2400000, 0x00000000a2540000, 0x00000000c1800000)
  eden space 1024K, 100% used [0x00000000a2400000, 0x00000000a2500000, 0x00000000a2500000)
  from space 128K, 100% used [0x00000000a2520000, 0x00000000a2540000, 0x00000000a2540000)
  to   space 128K,   0% used [0x00000000a2500000, 0x00000000a2500000, 0x00000000a2520000)
 tenured generation   total 125696K, used 7574K [0x00000000c1800000, 0x00000000c92c0000, 0x0000000100000000)
   the space 125696K,   6% used [0x00000000c1800000, 0x00000000c1f65818, 0x00000000c1f65a00, 0x00000000c92c0000)
 Metaspace       used 8191K, capacity 8396K, committed 8704K, reserved 1056768K
  class space    used 905K, capacity 964K, committed 1024K, reserved 1048576K
Event: 0.601 GC heap after
Heap after GC invocations=38 (full 0):
 def new generation   total 1152K, used 127K [0x00000000a2400000, 0x00000000a2540000, 0x00000000c1800000)
  eden space 1024K,   0% used [0x00000000a2400000, 0x00000000a2400000, 0x00000000a2500000)
  from space 128K,  99% used [0x00000000a2500000, 0x00000000a251fff8, 0x00000000a2520000)
  to   space 128K,   0% used [0x00000000a2520000, 0x00000000a2520000, 0x00000000a2540000)
 tenured generation   total 125696K, used 8514K [0x00000000c1800000, 0x00000000c92c0000, 0x0000000100000000)
   the space 125696K,   6% used [0x00000000c1800000, 0x00000000c2050bf8, 0x00000000c2050c00, 0x00000000c92c0000)
 Metaspace       used 8191K, capacity 8396K, committed 8704K, reserved 1056768K
  class space    used 905K, capacity 964K, committed 1024K, reserved 1048576K
}
Event: 0.612 GC heap before
{Heap before GC invocations=38 (full 0):
 def new generation   total 1152K, used 1151K [0x00000000a2400000, 0x00000000a2540000, 0x00000000c1800000)
  eden space 1024K, 100% used [0x00000000a2400000, 0x00000000a2500000, 0x00000000a2500000)
  from space 128K,  99% used [0x00000000a2500000, 0x00000000a251fff8, 0x00000000a2520000)
  to   space 128K,   0% used [0x00000000a2520000, 0x00000000a2520000, 0x00000000a2540000)
 tenured generation   total 125696K, used 8514K [0x00000000c1800000, 0x00000000c92c0000, 0x0000000100000000)
   the space 125696K,   6% used [0x00000000c1800000, 0x00000000c2050bf8, 0x00000000c2050c00, 0x00000000c92c0000)
 Metaspace       used 8191K, capacity 8396K, committed 8704K, reserved 1056768K
  class space    used 905K, capacity 964K, committed 1024K, reserved 1048576K

