# JRE version: Java(TM) SE Runtime Environment (8.0_05-b13) (build 1.8.0_05-b13)
# Java VM: Java HotSpot(TM) 64-Bit Server VM (25.5-b02 mixed mode windows-amd64 compressed oops)
Heap:
 def new generation   total 1152K, used 370K [0x00000000a2400000, 0x00000000a2540000, 0x00000000c1800000)
  eden space 1024K,  23% used [0x00000000a2400000, 0x00000000a243ceb8, 0x00000000a2500000)
  from space 128K,  99% used [0x00000000a2520000, 0x00000000a253fbd8, 0x00000000a2540000)
  to   space 128K,   0% used [0x00000000a2500000, 0x00000000a2500000, 0x00000000a2520000)
 tenured generation   total 125696K, used 9291K [0x00000000c1800000, 0x00000000c92c0000, 0x0000000100000000)
   the space 125696K,   7% used [0x00000000c1800000, 0x00000000c2112c78, 0x00000000c2112e00, 0x00000000c92c0000)
 Metaspace       used 12796K, capacity 13126K, committed 13440K, reserved 1060864K
  class space    used 1515K, capacity 1571K, committed 1664K, reserved 1048576K
GC Heap History (10 events):
Event: 1.039 GC heap before
{Heap before GC invocations=78 (full 0):
 def new generation   total 1152K, used 1088K [0x00000000a2400000, 0x00000000a2540000, 0x00000000c1800000)
  eden space 1024K, 100% used [0x00000000a2400000, 0x00000000a2500000, 0x00000000a2500000)
  from space 128K,  50% used [0x00000000a2500000, 0x00000000a25103e8, 0x00000000a2520000)
  to   space 128K,   0% used [0x00000000a2520000, 0x00000000a2520000, 0x00000000a2540000)
 tenured generation   total 125696K, used 8817K [0x00000000c1800000, 0x00000000c92c0000, 0x0000000100000000)
   the space 125696K,   7% used [0x00000000c1800000, 0x00000000c209c4e8, 0x00000000c209c600, 0x00000000c92c0000)
 Metaspace       used 12724K, capacity 13056K, committed 13184K, reserved 1060864K
  class space    used 1514K, capacity 1570K, committed 1664K, reserved 1048576K
Event: 1.040 GC heap after
Heap after GC invocations=79 (full 0):
 def new generation   total 1152K, used 127K [0x00000000a2400000, 0x00000000a2540000, 0x00000000c1800000)
  eden space 1024K,   0% used [0x00000000a2400000, 0x00000000a2400000, 0x00000000a2500000)
  from space 128K,  99% used [0x00000000a2520000, 0x00000000a253fff8, 0x00000000a2540000)
  to   space 128K,   0% used [0x00000000a2500000, 0x00000000a2500000, 0x00000000a2520000)
 tenured generation   total 125696K, used 8849K [0x00000000c1800000, 0x00000000c92c0000, 0x0000000100000000)
   the space 125696K,   7% used [0x00000000c1800000, 0x00000000c20a4750, 0x00000000c20a4800, 0x00000000c92c0000)
 Metaspace       used 12724K, capacity 13056K, committed 13184K, reserved 1060864K
  class space    used 1514K, capacity 1570K, committed 1664K, reserved 1048576K
}
Event: 1.045 GC heap before
{Heap before GC invocations=79 (full 0):
 def new generation   total 1152K, used 1151K [0x00000000a2400000, 0x00000000a2540000, 0x00000000c1800000)
  eden space 1024K, 100% used [0x00000000a2400000, 0x00000000a2500000, 0x00000000a2500000)
  from space 128K,  99% used [0x00000000a2520000, 0x00000000a253fff8, 0x00000000a2540000)
  to   space 128K,   0% used [0x00000000a2500000, 0x00000000a2500000, 0x00000000a2520000)
 tenured generation   total 125696K, used 8849K [0x00000000c1800000, 0x00000000c92c0000, 0x0000000100000000)
   the space 125696K,   7% used [0x00000000c1800000, 0x00000000c20a4750, 0x00000000c20a4800, 0x00000000c92c0000)
 Metaspace       used 12733K, capacity 13056K, committed 13184K, reserved 1060864K
  class space    used 1514K, capacity 1570K, committed 1664K, reserved 1048576K
Event: 1.046 GC heap after
Heap after GC invocations=80 (full 0):
 def new generation   total 1152K, used 78K [0x00000000a2400000, 0x00000000a2540000, 0x00000000c1800000)
  eden space 1024K,   0% used [0x00000000a2400000, 0x00000000a2400000, 0x00000000a2500000)
  from space 128K,  61% used [0x00000000a2500000, 0x00000000a2513bf0, 0x00000000a2520000)
  to   space 128K,   0% used [0x00000000a2520000, 0x00000000a2520000, 0x00000000a2540000)
 tenured generation   total 125696K, used 8932K [0x00000000c1800000, 0x00000000c92c0000, 0x0000000100000000)
   the space 125696K,   7% used [0x00000000c1800000, 0x00000000c20b93b8, 0x00000000c20b9400, 0x00000000c92c0000)
 Metaspace       used 12733K, capacity 13056K, committed 13184K, reserved 1060864K
  class space    used 1514K, capacity 1570K, committed 1664K, reserved 1048576K
}
Event: 1.054 GC heap before
{Heap before GC invocations=80 (full 0):
 def new generation   total 1152K, used 1102K [0x00000000a2400000, 0x00000000a2540000, 0x00000000c1800000)
  eden space 1024K, 100% used [0x00000000a2400000, 0x00000000a2500000, 0x00000000a2500000)
  from space 128K,  61% used [0x00000000a2500000, 0x00000000a2513bf0, 0x00000000a2520000)
  to   space 128K,   0% used [0x00000000a2520000, 0x00000000a2520000, 0x00000000a2540000)
 tenured generation   total 125696K, used 8932K [0x00000000c1800000, 0x00000000c92c0000, 0x0000000100000000)
   the space 125696K,   7% used [0x00000000c1800000, 0x00000000c20b93b8, 0x00000000c20b9400, 0x00000000c92c0000)
 Metaspace       used 12747K, capacity 13056K, committed 13184K, reserved 1060864K
  class space    used 1514K, capacity 1570K, committed 1664K, reserved 1048576K
Event: 1.055 GC heap after
Heap after GC invocations=81 (full 0):
 def new generation   total 1152K, used 103K [0x00000000a2400000, 0x00000000a2540000, 0x00000000c1800000)
  eden space 1024K,   0% used [0x00000000a2400000, 0x00000000a2400000, 0x00000000a2500000)
  from space 128K,  81% used [0x00000000a2520000, 0x00000000a2539f40, 0x00000000a2540000)
  to   space 128K,   0% used [0x00000000a2500000, 0x00000000a2500000, 0x00000000a2520000)
 tenured generation   total 125696K, used 8956K [0x00000000c1800000, 0x00000000c92c0000, 0x0000000100000000)
   the space 125696K,   7% used [0x00000000c1800000, 0x00000000c20bf120, 0x00000000c20bf200, 0x00000000c92c0000)
 Metaspace       used 12747K, capacity 13056K, committed 13184K, reserved 1060864K
  class space    used 1514K, capacity 1570K, committed 1664K, reserved 1048576K
}
Event: 1.063 GC heap before
{Heap before GC invocations=81 (full 0):
 def new generation   total 1152K, used 1127K [0x00000000a2400000, 0x00000000a2540000, 0x00000000c1800000)
  eden space 1024K, 100% used [0x00000000a2400000, 0x00000000a2500000, 0x00000000a2500000)
  from space 128K,  81% used [0x00000000a2520000, 0x00000000a2539f40, 0x00000000a2540000)
  to   space 128K,   0% used [0x00000000a2500000, 0x00000000a2500000, 0x00000000a2520000)
 tenured generation   total 125696K, used 8956K [0x00000000c1800000, 0x00000000c92c0000, 0x0000000100000000)
   the space 125696K,   7% used [0x00000000c1800000, 0x00000000c20bf120, 0x00000000c20bf200, 0x00000000c92c0000)
 Metaspace       used 12759K, capacity 13120K, committed 13440K, reserved 1060864K
  class space    used 1515K, capacity 1570K, committed 1664K, reserved 1048576K
Event: 1.064 GC heap after
Heap after GC invocations=82 (full 0):
 def new generation   total 1152K, used 124K [0x00000000a2400000, 0x00000000a2540000, 0x00000000c1800000)
  eden space 1024K,   0% used [0x00000000a2400000, 0x00000000a2400000, 0x00000000a2500000)
  from space 128K,  96% used [0x00000000a2500000, 0x00000000a251f078, 0x00000000a2520000)
  to   space 128K,   0% used [0x00000000a2520000, 0x00000000a2520000, 0x00000000a2540000)
 tenured generation   total 125696K, used 9016K [0x00000000c1800000, 0x00000000c92c0000, 0x0000000100000000)
   the space 125696K,   7% used [0x00000000c1800000, 0x00000000c20ce0f8, 0x00000000c20ce200, 0x00000000c92c0000)
 Metaspace       used 12759K, capacity 13120K, committed 13440K, reserved 1060864K
  class space    used 1515K, capacity 1570K, committed 1664K, reserved 1048576K
}
Event: 1.069 GC heap before
{Heap before GC invocations=82 (full 0):
 def new generation   total 1152K, used 1148K [0x00000000a2400000, 0x00000000a2540000, 0x00000000c1800000)
  eden space 1024K, 100% used [0x00000000a2400000, 0x00000000a2500000, 0x00000000a2500000)
  from space 128K,  96% used [0x00000000a2500000, 0x00000000a251f078, 0x00000000a2520000)
  to   space 128K,   0% used [0x00000000a2520000, 0x00000000a2520000, 0x00000000a2540000)
 tenured generation   total 125696K, used 9016K [0x00000000c1800000, 0x00000000c92c0000, 0x0000000100000000)
   the space 125696K,   7% used [0x00000000c1800000, 0x00000000c20ce0f8, 0x00000000c20ce200, 0x00000000c92c0000)
 Metaspace       used 12762K, capacity 13120K, committed 13440K, reserved 1060864K
  class space    used 1515K, capacity 1570K, committed 1664K, reserved 1048576K
Event: 1.070 GC heap after
Heap after GC invocations=83 (full 0):
 def new generation   total 1152K, used 66K [0x00000000a2400000, 0x00000000a2540000, 0x00000000c1800000)
  eden space 1024K,   0% used [0x00000000a2400000, 0x00000000a2400000, 0x00000000a2500000)
  from space 128K,  51% used [0x00000000a2520000, 0x00000000a2530838, 0x00000000a2540000)
  to   space 128K,   0% used [0x00000000a2500000, 0x00000000a2500000, 0x00000000a2520000)
 tenured generation   total 125696K, used 9094K [0x00000000c1800000, 0x00000000c92c0000, 0x0000000100000000)
   the space 125696K,   7% used [0x00000000c1800000, 0x00000000c20e1b18, 0x00000000c20e1c00, 0x00000000c92c0000)
 Metaspace       used 12762K, capacity 13120K, committed 13440K, reserved 1060864K
  class space    used 1515K, capacity 1570K, committed 1664K, reserved 1048576K
}

