# JRE version: Java(TM) SE Runtime Environment (8.0_05-b13) (build 1.8.0_05-b13)
# Java VM: Java HotSpot(TM) 64-Bit Server VM (25.5-b02 mixed mode windows-amd64 compressed oops)
Heap:
 def new generation   total 1152K, used 757K [0x00000000a2400000, 0x00000000a2540000, 0x00000000c1800000)
  eden space 1024K,  68% used [0x00000000a2400000, 0x00000000a24b0488, 0x00000000a2500000)
  from space 128K,  40% used [0x00000000a2520000, 0x00000000a252d1b8, 0x00000000a2540000)
  to   space 128K,   0% used [0x00000000a2500000, 0x00000000a2500000, 0x00000000a2520000)
 tenured generation   total 125696K, used 26117K [0x00000000c1800000, 0x00000000c92c0000, 0x0000000100000000)
   the space 125696K,  20% used [0x00000000c1800000, 0x00000000c31816e0, 0x00000000c3181800, 0x00000000c92c0000)
 Metaspace       used 14055K, capacity 14416K, committed 14592K, reserved 1062912K
  class space    used 1641K, capacity 1727K, committed 1792K, reserved 1048576K
GC Heap History (10 events):
Event: 2.282 GC heap before
{Heap before GC invocations=139 (full 0):
 def new generation   total 1152K, used 1148K [0x00000000a2400000, 0x00000000a2540000, 0x00000000c1800000)
  eden space 1024K, 100% used [0x00000000a2400000, 0x00000000a2500000, 0x00000000a2500000)
  from space 128K,  97% used [0x00000000a2520000, 0x00000000a253f380, 0x00000000a2540000)
  to   space 128K,   0% used [0x00000000a2500000, 0x00000000a2500000, 0x00000000a2520000)
 tenured generation   total 125696K, used 25594K [0x00000000c1800000, 0x00000000c92c0000, 0x0000000100000000)
   the space 125696K,  20% used [0x00000000c1800000, 0x00000000c30fe908, 0x00000000c30fea00, 0x00000000c92c0000)
 Metaspace       used 13986K, capacity 14346K, committed 14592K, reserved 1062912K
  class space    used 1639K, capacity 1726K, committed 1792K, reserved 1048576K
Event: 2.283 GC heap after
Heap after GC invocations=140 (full 0):
 def new generation   total 1152K, used 68K [0x00000000a2400000, 0x00000000a2540000, 0x00000000c1800000)
  eden space 1024K,   0% used [0x00000000a2400000, 0x00000000a2400000, 0x00000000a2500000)
  from space 128K,  53% used [0x00000000a2500000, 0x00000000a25110a8, 0x00000000a2520000)
  to   space 128K,   0% used [0x00000000a2520000, 0x00000000a2520000, 0x00000000a2540000)
 tenured generation   total 125696K, used 25669K [0x00000000c1800000, 0x00000000c92c0000, 0x0000000100000000)
   the space 125696K,  20% used [0x00000000c1800000, 0x00000000c31117c0, 0x00000000c3111800, 0x00000000c92c0000)
 Metaspace       used 13986K, capacity 14346K, committed 14592K, reserved 1062912K
  class space    used 1639K, capacity 1726K, committed 1792K, reserved 1048576K
}
Event: 2.296 GC heap before
{Heap before GC invocations=140 (full 0):
 def new generation   total 1152K, used 1092K [0x00000000a2400000, 0x00000000a2540000, 0x00000000c1800000)
  eden space 1024K, 100% used [0x00000000a2400000, 0x00000000a2500000, 0x00000000a2500000)
  from space 128K,  53% used [0x00000000a2500000, 0x00000000a25110a8, 0x00000000a2520000)
  to   space 128K,   0% used [0x00000000a2520000, 0x00000000a2520000, 0x00000000a2540000)
 tenured generation   total 125696K, used 25669K [0x00000000c1800000, 0x00000000c92c0000, 0x0000000100000000)
   the space 125696K,  20% used [0x00000000c1800000, 0x00000000c31117c0, 0x00000000c3111800, 0x00000000c92c0000)
 Metaspace       used 14002K, capacity 14352K, committed 14592K, reserved 1062912K
  class space    used 1640K, capacity 1727K, committed 1792K, reserved 1048576K
Event: 2.298 GC heap after
Heap after GC invocations=141 (full 0):
 def new generation   total 1152K, used 128K [0x00000000a2400000, 0x00000000a2540000, 0x00000000c1800000)
  eden space 1024K,   0% used [0x00000000a2400000, 0x00000000a2400000, 0x00000000a2500000)
  from space 128K, 100% used [0x00000000a2520000, 0x00000000a2540000, 0x00000000a2540000)
  to   space 128K,   0% used [0x00000000a2500000, 0x00000000a2500000, 0x00000000a2520000)
 tenured generation   total 125696K, used 25707K [0x00000000c1800000, 0x00000000c92c0000, 0x0000000100000000)
   the space 125696K,  20% used [0x00000000c1800000, 0x00000000c311af80, 0x00000000c311b000, 0x00000000c92c0000)
 Metaspace       used 14002K, capacity 14352K, committed 14592K, reserved 1062912K
  class space    used 1640K, capacity 1727K, committed 1792K, reserved 1048576K
}
Event: 2.306 GC heap before
{Heap before GC invocations=141 (full 0):
 def new generation   total 1152K, used 1152K [0x00000000a2400000, 0x00000000a2540000, 0x00000000c1800000)
  eden space 1024K, 100% used [0x00000000a2400000, 0x00000000a2500000, 0x00000000a2500000)
  from space 128K, 100% used [0x00000000a2520000, 0x00000000a2540000, 0x00000000a2540000)
  to   space 128K,   0% used [0x00000000a2500000, 0x00000000a2500000, 0x00000000a2520000)
 tenured generation   total 125696K, used 25707K [0x00000000c1800000, 0x00000000c92c0000, 0x0000000100000000)
   the space 125696K,  20% used [0x00000000c1800000, 0x00000000c311af80, 0x00000000c311b000, 0x00000000c92c0000)
 Metaspace       used 14013K, capacity 14352K, committed 14592K, reserved 1062912K
  class space    used 1640K, capacity 1727K, committed 1792K, reserved 1048576K
Event: 2.308 GC heap after
Heap after GC invocations=142 (full 0):
 def new generation   total 1152K, used 61K [0x00000000a2400000, 0x00000000a2540000, 0x00000000c1800000)
  eden space 1024K,   0% used [0x00000000a2400000, 0x00000000a2400000, 0x00000000a2500000)
  from space 128K,  48% used [0x00000000a2500000, 0x00000000a250f600, 0x00000000a2520000)
  to   space 128K,   0% used [0x00000000a2520000, 0x00000000a2520000, 0x00000000a2540000)
 tenured generation   total 125696K, used 25791K [0x00000000c1800000, 0x00000000c92c0000, 0x0000000100000000)
   the space 125696K,  20% used [0x00000000c1800000, 0x00000000c312fe10, 0x00000000c3130000, 0x00000000c92c0000)
 Metaspace       used 14013K, capacity 14352K, committed 14592K, reserved 1062912K
  class space    used 1640K, capacity 1727K, committed 1792K, reserved 1048576K
}
Event: 2.320 GC heap before
{Heap before GC invocations=142 (full 0):
 def new generation   total 1152K, used 1085K [0x00000000a2400000, 0x00000000a2540000, 0x00000000c1800000)
  eden space 1024K, 100% used [0x00000000a2400000, 0x00000000a2500000, 0x00000000a2500000)
  from space 128K,  48% used [0x00000000a2500000, 0x00000000a250f600, 0x00000000a2520000)
  to   space 128K,   0% used [0x00000000a2520000, 0x00000000a2520000, 0x00000000a2540000)
 tenured generation   total 125696K, used 25791K [0x00000000c1800000, 0x00000000c92c0000, 0x0000000100000000)
   the space 125696K,  20% used [0x00000000c1800000, 0x00000000c312fe10, 0x00000000c3130000, 0x00000000c92c0000)
 Metaspace       used 14029K, capacity 14352K, committed 14592K, reserved 1062912K
  class space    used 1640K, capacity 1727K, committed 1792K, reserved 1048576K
Event: 2.322 GC heap after
Heap after GC invocations=143 (full 0):
 def new generation   total 1152K, used 127K [0x00000000a2400000, 0x00000000a2540000, 0x00000000c1800000)
  eden space 1024K,   0% used [0x00000000a2400000, 0x00000000a2400000, 0x00000000a2500000)
  from space 128K,  99% used [0x00000000a2520000, 0x00000000a253fff8, 0x00000000a2540000)
  to   space 128K,   0% used [0x00000000a2500000, 0x00000000a2500000, 0x00000000a2520000)
 tenured generation   total 125696K, used 25811K [0x00000000c1800000, 0x00000000c92c0000, 0x0000000100000000)
   the space 125696K,  20% used [0x00000000c1800000, 0x00000000c3134cf0, 0x00000000c3134e00, 0x00000000c92c0000)
 Metaspace       used 14029K, capacity 14352K, committed 14592K, reserved 1062912K
  class space    used 1640K, capacity 1727K, committed 1792K, reserved 1048576K
}
Event: 2.333 GC heap before
{Heap before GC invocations=143 (full 0):
 def new generation   total 1152K, used 1151K [0x00000000a2400000, 0x00000000a2540000, 0x00000000c1800000)
  eden space 1024K, 100% used [0x00000000a2400000, 0x00000000a2500000, 0x00000000a2500000)
  from space 128K,  99% used [0x00000000a2520000, 0x00000000a253fff8, 0x00000000a2540000)
  to   space 128K,   0% used [0x00000000a2500000, 0x00000000a2500000, 0x00000000a2520000)
 tenured generation   total 125696K, used 25811K [0x00000000c1800000, 0x00000000c92c0000, 0x0000000100000000)
   the space 125696K,  20% used [0x00000000c1800000, 0x00000000c3134cf0, 0x00000000c3134e00, 0x00000000c92c0000)
 Metaspace       used 14034K, capacity 14352K, committed 14592K, reserved 1062912K
  class space    used 1640K, capacity 1727K, committed 1792K, reserved 1048576K
Event: 2.334 GC heap after
Heap after GC invocations=144 (full 0):
 def new generation   total 1152K, used 117K [0x00000000a2400000, 0x00000000a2540000, 0x00000000c1800000)
  eden space 1024K,   0% used [0x00000000a2400000, 0x00000000a2400000, 0x00000000a2500000)
  from space 128K,  92% used [0x00000000a2500000, 0x00000000a251d7d8, 0x00000000a2520000)
  to   space 128K,   0% used [0x00000000a2520000, 0x00000000a2520000, 0x00000000a2540000)
 tenured generation   total 125696K, used 25890K [0x00000000c1800000, 0x00000000c92c0000, 0x0000000100000000)
   the space 125696K,  20% used [0x00000000c1800000, 0x00000000c31489b0, 0x00000000c3148a00, 0x00000000c92c0000)
 Metaspace       used 14034K, capacity 14352K, committed 14592K, reserved 1062912K
  class space    used 1640K, capacity 1727K, committed 1792K, reserved 1048576K
}

