# JRE version: Java(TM) SE Runtime Environment (8.0_05-b13) (build 1.8.0_05-b13)
# Java VM: Java HotSpot(TM) 64-Bit Server VM (25.5-b02 mixed mode windows-amd64 compressed oops)
Heap:
 def new generation   total 1152K, used 439K [0x00000000a2400000, 0x00000000a2540000, 0x00000000c1800000)
  eden space 1024K,  30% used [0x00000000a2400000, 0x00000000a244f588, 0x00000000a2500000)
  from space 128K,  95% used [0x00000000a2500000, 0x00000000a251ea28, 0x00000000a2520000)
  to   space 128K,   0% used [0x00000000a2520000, 0x00000000a2520000, 0x00000000a2540000)
 tenured generation   total 125696K, used 4015K [0x00000000c1800000, 0x00000000c92c0000, 0x0000000100000000)
   the space 125696K,   3% used [0x00000000c1800000, 0x00000000c1bebc68, 0x00000000c1bebe00, 0x00000000c92c0000)
 Metaspace       used 7046K, capacity 7308K, committed 7552K, reserved 1056768K
  class space    used 778K, capacity 836K, committed 896K, reserved 1048576K
GC Heap History (10 events):
Event: 0.454 GC heap before
{Heap before GC invocations=27 (full 0):
 def new generation   total 1152K, used 1090K [0x00000000a2400000, 0x00000000a2540000, 0x00000000c1800000)
  eden space 1024K, 100% used [0x00000000a2400000, 0x00000000a2500000, 0x00000000a2500000)
  from space 128K,  51% used [0x00000000a2520000, 0x00000000a25308f8, 0x00000000a2540000)
  to   space 128K,   0% used [0x00000000a2500000, 0x00000000a2500000, 0x00000000a2520000)
 tenured generation   total 125696K, used 3807K [0x00000000c1800000, 0x00000000c92c0000, 0x0000000100000000)
   the space 125696K,   3% used [0x00000000c1800000, 0x00000000c1bb7ff8, 0x00000000c1bb8000, 0x00000000c92c0000)
 Metaspace       used 6459K, capacity 6668K, committed 7040K, reserved 1056768K
  class space    used 708K, capacity 772K, committed 896K, reserved 1048576K
Event: 0.455 GC heap after
Heap after GC invocations=28 (full 0):
 def new generation   total 1152K, used 47K [0x00000000a2400000, 0x00000000a2540000, 0x00000000c1800000)
  eden space 1024K,   0% used [0x00000000a2400000, 0x00000000a2400000, 0x00000000a2500000)
  from space 128K,  37% used [0x00000000a2500000, 0x00000000a250beb8, 0x00000000a2520000)
  to   space 128K,   0% used [0x00000000a2520000, 0x00000000a2520000, 0x00000000a2540000)
 tenured generation   total 125696K, used 3831K [0x00000000c1800000, 0x00000000c92c0000, 0x0000000100000000)
   the space 125696K,   3% used [0x00000000c1800000, 0x00000000c1bbdf28, 0x00000000c1bbe000, 0x00000000c92c0000)
 Metaspace       used 6459K, capacity 6668K, committed 7040K, reserved 1056768K
  class space    used 708K, capacity 772K, committed 896K, reserved 1048576K
}
Event: 0.460 GC heap before
{Heap before GC invocations=28 (full 0):
 def new generation   total 1152K, used 1071K [0x00000000a2400000, 0x00000000a2540000, 0x00000000c1800000)
  eden space 1024K,  99% used [0x00000000a2400000, 0x00000000a24fffe8, 0x00000000a2500000)
  from space 128K,  37% used [0x00000000a2500000, 0x00000000a250beb8, 0x00000000a2520000)
  to   space 128K,   0% used [0x00000000a2520000, 0x00000000a2520000, 0x00000000a2540000)
 tenured generation   total 125696K, used 3831K [0x00000000c1800000, 0x00000000c92c0000, 0x0000000100000000)
   the space 125696K,   3% used [0x00000000c1800000, 0x00000000c1bbdf28, 0x00000000c1bbe000, 0x00000000c92c0000)
 Metaspace       used 6542K, capacity 6796K, committed 7040K, reserved 1056768K
  class space    used 714K, capacity 772K, committed 896K, reserved 1048576K
Event: 0.461 GC heap after
Heap after GC invocations=29 (full 0):
 def new generation   total 1152K, used 122K [0x00000000a2400000, 0x00000000a2540000, 0x00000000c1800000)
  eden space 1024K,   0% used [0x00000000a2400000, 0x00000000a2400000, 0x00000000a2500000)
  from space 128K,  95% used [0x00000000a2520000, 0x00000000a253e8c0, 0x00000000a2540000)
  to   space 128K,   0% used [0x00000000a2500000, 0x00000000a2500000, 0x00000000a2520000)
 tenured generation   total 125696K, used 3831K [0x00000000c1800000, 0x00000000c92c0000, 0x0000000100000000)
   the space 125696K,   3% used [0x00000000c1800000, 0x00000000c1bbdf28, 0x00000000c1bbe000, 0x00000000c92c0000)
 Metaspace       used 6542K, capacity 6796K, committed 7040K, reserved 1056768K
  class space    used 714K, capacity 772K, committed 896K, reserved 1048576K
}
Event: 0.469 GC heap before
{Heap before GC invocations=29 (full 0):
 def new generation   total 1152K, used 1138K [0x00000000a2400000, 0x00000000a2540000, 0x00000000c1800000)
  eden space 1024K,  99% used [0x00000000a2400000, 0x00000000a24fdfe8, 0x00000000a2500000)
  from space 128K,  95% used [0x00000000a2520000, 0x00000000a253e8c0, 0x00000000a2540000)
  to   space 128K,   0% used [0x00000000a2500000, 0x00000000a2500000, 0x00000000a2520000)
 tenured generation   total 125696K, used 3831K [0x00000000c1800000, 0x00000000c92c0000, 0x0000000100000000)
   the space 125696K,   3% used [0x00000000c1800000, 0x00000000c1bbdf28, 0x00000000c1bbe000, 0x00000000c92c0000)
 Metaspace       used 6695K, capacity 6956K, committed 7296K, reserved 1056768K
  class space    used 735K, capacity 804K, committed 896K, reserved 1048576K
Event: 0.469 GC heap after
Heap after GC invocations=30 (full 0):
 def new generation   total 1152K, used 127K [0x00000000a2400000, 0x00000000a2540000, 0x00000000c1800000)
  eden space 1024K,   0% used [0x00000000a2400000, 0x00000000a2400000, 0x00000000a2500000)
  from space 128K,  99% used [0x00000000a2500000, 0x00000000a251ffb8, 0x00000000a2520000)
  to   space 128K,   0% used [0x00000000a2520000, 0x00000000a2520000, 0x00000000a2540000)
 tenured generation   total 125696K, used 3930K [0x00000000c1800000, 0x00000000c92c0000, 0x0000000100000000)
   the space 125696K,   3% used [0x00000000c1800000, 0x00000000c1bd6b48, 0x00000000c1bd6c00, 0x00000000c92c0000)
 Metaspace       used 6695K, capacity 6956K, committed 7296K, reserved 1056768K
  class space    used 735K, capacity 804K, committed 896K, reserved 1048576K
}
Event: 0.478 GC heap before
{Heap before GC invocations=30 (full 0):
 def new generation   total 1152K, used 1151K [0x00000000a2400000, 0x00000000a2540000, 0x00000000c1800000)
  eden space 1024K, 100% used [0x00000000a2400000, 0x00000000a2500000, 0x00000000a2500000)
  from space 128K,  99% used [0x00000000a2500000, 0x00000000a251ffb8, 0x00000000a2520000)
  to   space 128K,   0% used [0x00000000a2520000, 0x00000000a2520000, 0x00000000a2540000)
 tenured generation   total 125696K, used 3930K [0x00000000c1800000, 0x00000000c92c0000, 0x0000000100000000)
   the space 125696K,   3% used [0x00000000c1800000, 0x00000000c1bd6b48, 0x00000000c1bd6c00, 0x00000000c92c0000)
 Metaspace       used 6840K, capacity 7084K, committed 7296K, reserved 1056768K
  class space    used 755K, capacity 804K, committed 896K, reserved 1048576K
Event: 0.479 GC heap after
Heap after GC invocations=31 (full 0):
 def new generation   total 1152K, used 126K [0x00000000a2400000, 0x00000000a2540000, 0x00000000c1800000)
  eden space 1024K,   0% used [0x00000000a2400000, 0x00000000a2400000, 0x00000000a2500000)
  from space 128K,  98% used [0x00000000a2520000, 0x00000000a253fa90, 0x00000000a2540000)
  to   space 128K,   0% used [0x00000000a2500000, 0x00000000a2500000, 0x00000000a2520000)
 tenured generation   total 125696K, used 3979K [0x00000000c1800000, 0x00000000c92c0000, 0x0000000100000000)
   the space 125696K,   3% used [0x00000000c1800000, 0x00000000c1be2ce8, 0x00000000c1be2e00, 0x00000000c92c0000)
 Metaspace       used 6840K, capacity 7084K, committed 7296K, reserved 1056768K
  class space    used 755K, capacity 804K, committed 896K, reserved 1048576K
}
Event: 0.485 GC heap before
{Heap before GC invocations=31 (full 0):
 def new generation   total 1152K, used 1103K [0x00000000a2400000, 0x00000000a2540000, 0x00000000c1800000)
  eden space 1024K,  95% used [0x00000000a2400000, 0x00000000a24f4218, 0x00000000a2500000)
  from space 128K,  98% used [0x00000000a2520000, 0x00000000a253fa90, 0x00000000a2540000)
  to   space 128K,   0% used [0x00000000a2500000, 0x00000000a2500000, 0x00000000a2520000)
 tenured generation   total 125696K, used 3979K [0x00000000c1800000, 0x00000000c92c0000, 0x0000000100000000)
   the space 125696K,   3% used [0x00000000c1800000, 0x00000000c1be2ce8, 0x00000000c1be2e00, 0x00000000c92c0000)
 Metaspace       used 6876K, capacity 7148K, committed 7296K, reserved 1056768K
  class space    used 760K, capacity 804K, committed 896K, reserved 1048576K
Event: 0.486 GC heap after
Heap after GC invocations=32 (full 0):
 def new generation   total 1152K, used 122K [0x00000000a2400000, 0x00000000a2540000, 0x00000000c1800000)
  eden space 1024K,   0% used [0x00000000a2400000, 0x00000000a2400000, 0x00000000a2500000)
  from space 128K,  95% used [0x00000000a2500000, 0x00000000a251ea28, 0x00000000a2520000)
  to   space 128K,   0% used [0x00000000a2520000, 0x00000000a2520000, 0x00000000a2540000)
 tenured generation   total 125696K, used 4015K [0x00000000c1800000, 0x00000000c92c0000, 0x0000000100000000)
   the space 125696K,   3% used [0x00000000c1800000, 0x00000000c1bebc68, 0x00000000c1bebe00, 0x00000000c92c0000)
 Metaspace       used 6876K, capacity 7148K, committed 7296K, reserved 1056768K
  class space    used 760K, capacity 804K, committed 896K, reserved 1048576K
}

