# JRE version: Java(TM) SE Runtime Environment (8.0_05-b13) (build 1.8.0_05-b13)
# Java VM: Java HotSpot(TM) 64-Bit Server VM (25.5-b02 mixed mode windows-amd64 compressed oops)
Heap:
 def new generation   total 1152K, used 892K [0x00000000a2400000, 0x00000000a2540000, 0x00000000c1800000)
  eden space 1024K,  76% used [0x00000000a2400000, 0x00000000a24c3078, 0x00000000a2500000)
  from space 128K,  99% used [0x00000000a2520000, 0x00000000a253fff0, 0x00000000a2540000)
  to   space 128K,   0% used [0x00000000a2500000, 0x00000000a2500000, 0x00000000a2520000)
 tenured generation   total 125696K, used 3412K [0x00000000c1800000, 0x00000000c92c0000, 0x0000000100000000)
   the space 125696K,   2% used [0x00000000c1800000, 0x00000000c1b55248, 0x00000000c1b55400, 0x00000000c92c0000)
 Metaspace       used 6162K, capacity 6428K, committed 6656K, reserved 1056768K
  class space    used 677K, capacity 740K, committed 768K, reserved 1048576K
GC Heap History (10 events):
Event: 0.397 GC heap before
{Heap before GC invocations=17 (full 0):
 def new generation   total 1152K, used 1152K [0x00000000a2400000, 0x00000000a2540000, 0x00000000c1800000)
  eden space 1024K, 100% used [0x00000000a2400000, 0x00000000a2500000, 0x00000000a2500000)
  from space 128K, 100% used [0x00000000a2520000, 0x00000000a2540000, 0x00000000a2540000)
  to   space 128K,   0% used [0x00000000a2500000, 0x00000000a2500000, 0x00000000a2520000)
 tenured generation   total 125696K, used 3226K [0x00000000c1800000, 0x00000000c92c0000, 0x0000000100000000)
   the space 125696K,   2% used [0x00000000c1800000, 0x00000000c1b26848, 0x00000000c1b26a00, 0x00000000c92c0000)
 Metaspace       used 5840K, capacity 6140K, committed 6400K, reserved 1056768K
  class space    used 637K, capacity 708K, committed 768K, reserved 1048576K
Event: 0.398 GC heap after
Heap after GC invocations=18 (full 0):
 def new generation   total 1152K, used 64K [0x00000000a2400000, 0x00000000a2540000, 0x00000000c1800000)
  eden space 1024K,   0% used [0x00000000a2400000, 0x00000000a2400000, 0x00000000a2500000)
  from space 128K,  50% used [0x00000000a2500000, 0x00000000a25102b8, 0x00000000a2520000)
  to   space 128K,   0% used [0x00000000a2520000, 0x00000000a2520000, 0x00000000a2540000)
 tenured generation   total 125696K, used 3327K [0x00000000c1800000, 0x00000000c92c0000, 0x0000000100000000)
   the space 125696K,   2% used [0x00000000c1800000, 0x00000000c1b3fcd0, 0x00000000c1b3fe00, 0x00000000c92c0000)
 Metaspace       used 5840K, capacity 6140K, committed 6400K, reserved 1056768K
  class space    used 637K, capacity 708K, committed 768K, reserved 1048576K
}
Event: 0.401 GC heap before
{Heap before GC invocations=18 (full 0):
 def new generation   total 1152K, used 1088K [0x00000000a2400000, 0x00000000a2540000, 0x00000000c1800000)
  eden space 1024K, 100% used [0x00000000a2400000, 0x00000000a2500000, 0x00000000a2500000)
  from space 128K,  50% used [0x00000000a2500000, 0x00000000a25102b8, 0x00000000a2520000)
  to   space 128K,   0% used [0x00000000a2520000, 0x00000000a2520000, 0x00000000a2540000)
 tenured generation   total 125696K, used 3327K [0x00000000c1800000, 0x00000000c92c0000, 0x0000000100000000)
   the space 125696K,   2% used [0x00000000c1800000, 0x00000000c1b3fcd0, 0x00000000c1b3fe00, 0x00000000c92c0000)
 Metaspace       used 5842K, capacity 6140K, committed 6400K, reserved 1056768K
  class space    used 637K, capacity 708K, committed 768K, reserved 1048576K
Event: 0.402 GC heap after
Heap after GC invocations=19 (full 0):
 def new generation   total 1152K, used 13K [0x00000000a2400000, 0x00000000a2540000, 0x00000000c1800000)
  eden space 1024K,   0% used [0x00000000a2400000, 0x00000000a2400000, 0x00000000a2500000)
  from space 128K,  10% used [0x00000000a2520000, 0x00000000a2523610, 0x00000000a2540000)
  to   space 128K,   0% used [0x00000000a2500000, 0x00000000a2500000, 0x00000000a2520000)
 tenured generation   total 125696K, used 3365K [0x00000000c1800000, 0x00000000c92c0000, 0x0000000100000000)
   the space 125696K,   2% used [0x00000000c1800000, 0x00000000c1b495f0, 0x00000000c1b49600, 0x00000000c92c0000)
 Metaspace       used 5842K, capacity 6140K, committed 6400K, reserved 1056768K
  class space    used 637K, capacity 708K, committed 768K, reserved 1048576K
}
Event: 0.403 GC heap before
{Heap before GC invocations=19 (full 0):
 def new generation   total 1152K, used 1037K [0x00000000a2400000, 0x00000000a2540000, 0x00000000c1800000)
  eden space 1024K, 100% used [0x00000000a2400000, 0x00000000a2500000, 0x00000000a2500000)
  from space 128K,  10% used [0x00000000a2520000, 0x00000000a2523610, 0x00000000a2540000)
  to   space 128K,   0% used [0x00000000a2500000, 0x00000000a2500000, 0x00000000a2520000)
 tenured generation   total 125696K, used 3365K [0x00000000c1800000, 0x00000000c92c0000, 0x0000000100000000)
   the space 125696K,   2% used [0x00000000c1800000, 0x00000000c1b495f0, 0x00000000c1b49600, 0x00000000c92c0000)
 Metaspace       used 5843K, capacity 6140K, committed 6400K, reserved 1056768K
  class space    used 637K, capacity 708K, committed 768K, reserved 1048576K
Event: 0.404 GC heap after
Heap after GC invocations=20 (full 0):
 def new generation   total 1152K, used 24K [0x00000000a2400000, 0x00000000a2540000, 0x00000000c1800000)
  eden space 1024K,   0% used [0x00000000a2400000, 0x00000000a2400000, 0x00000000a2500000)
  from space 128K,  18% used [0x00000000a2500000, 0x00000000a25060a8, 0x00000000a2520000)
  to   space 128K,   0% used [0x00000000a2520000, 0x00000000a2520000, 0x00000000a2540000)
 tenured generation   total 125696K, used 3365K [0x00000000c1800000, 0x00000000c92c0000, 0x0000000100000000)
   the space 125696K,   2% used [0x00000000c1800000, 0x00000000c1b495f0, 0x00000000c1b49600, 0x00000000c92c0000)
 Metaspace       used 5843K, capacity 6140K, committed 6400K, reserved 1056768K
  class space    used 637K, capacity 708K, committed 768K, reserved 1048576K
}
Event: 0.405 GC heap before
{Heap before GC invocations=20 (full 0):
 def new generation   total 1152K, used 1048K [0x00000000a2400000, 0x00000000a2540000, 0x00000000c1800000)
  eden space 1024K, 100% used [0x00000000a2400000, 0x00000000a2500000, 0x00000000a2500000)
  from space 128K,  18% used [0x00000000a2500000, 0x00000000a25060a8, 0x00000000a2520000)
  to   space 128K,   0% used [0x00000000a2520000, 0x00000000a2520000, 0x00000000a2540000)
 tenured generation   total 125696K, used 3365K [0x00000000c1800000, 0x00000000c92c0000, 0x0000000100000000)
   the space 125696K,   2% used [0x00000000c1800000, 0x00000000c1b495f0, 0x00000000c1b49600, 0x00000000c92c0000)
 Metaspace       used 5847K, capacity 6140K, committed 6400K, reserved 1056768K
  class space    used 637K, capacity 708K, committed 768K, reserved 1048576K
Event: 0.406 GC heap after
Heap after GC invocations=21 (full 0):
 def new generation   total 1152K, used 32K [0x00000000a2400000, 0x00000000a2540000, 0x00000000c1800000)
  eden space 1024K,   0% used [0x00000000a2400000, 0x00000000a2400000, 0x00000000a2500000)
  from space 128K,  25% used [0x00000000a2520000, 0x00000000a2528128, 0x00000000a2540000)
  to   space 128K,   0% used [0x00000000a2500000, 0x00000000a2500000, 0x00000000a2520000)
 tenured generation   total 125696K, used 3365K [0x00000000c1800000, 0x00000000c92c0000, 0x0000000100000000)
   the space 125696K,   2% used [0x00000000c1800000, 0x00000000c1b495f0, 0x00000000c1b49600, 0x00000000c92c0000)
 Metaspace       used 5847K, capacity 6140K, committed 6400K, reserved 1056768K
  class space    used 637K, capacity 708K, committed 768K, reserved 1048576K
}
Event: 0.408 GC heap before
{Heap before GC invocations=21 (full 0):
 def new generation   total 1152K, used 1056K [0x00000000a2400000, 0x00000000a2540000, 0x00000000c1800000)
  eden space 1024K, 100% used [0x00000000a2400000, 0x00000000a2500000, 0x00000000a2500000)
  from space 128K,  25% used [0x00000000a2520000, 0x00000000a2528128, 0x00000000a2540000)
  to   space 128K,   0% used [0x00000000a2500000, 0x00000000a2500000, 0x00000000a2520000)
 tenured generation   total 125696K, used 3365K [0x00000000c1800000, 0x00000000c92c0000, 0x0000000100000000)
   the space 125696K,   2% used [0x00000000c1800000, 0x00000000c1b495f0, 0x00000000c1b49600, 0x00000000c92c0000)
 Metaspace       used 5849K, capacity 6140K, committed 6400K, reserved 1056768K
  class space    used 637K, capacity 708K, committed 768K, reserved 1048576K
Event: 0.409 GC heap after
Heap after GC invocations=22 (full 0):
 def new generation   total 1152K, used 40K [0x00000000a2400000, 0x00000000a2540000, 0x00000000c1800000)
  eden space 1024K,   0% used [0x00000000a2400000, 0x00000000a2400000, 0x00000000a2500000)
  from space 128K,  31% used [0x00000000a2500000, 0x00000000a250a068, 0x00000000a2520000)
  to   space 128K,   0% used [0x00000000a2520000, 0x00000000a2520000, 0x00000000a2540000)
 tenured generation   total 125696K, used 3365K [0x00000000c1800000, 0x00000000c92c0000, 0x0000000100000000)
   the space 125696K,   2% used [0x00000000c1800000, 0x00000000c1b495f0, 0x00000000c1b49600, 0x00000000c92c0000)
 Metaspace       used 5849K, capacity 6140K, committed 6400K, reserved 1056768K
  class space    used 637K, capacity 708K, committed 768K, reserved 1048576K
}

