# JRE version: Java(TM) SE Runtime Environment (8.0_05-b13) (build 1.8.0_05-b13)
# Java VM: Java HotSpot(TM) 64-Bit Server VM (25.5-b02 mixed mode windows-amd64 compressed oops)
Heap:
 def new generation   total 1152K, used 365K [0x00000000a2400000, 0x00000000a2540000, 0x00000000c1800000)
  eden space 1024K,  23% used [0x00000000a2400000, 0x00000000a243b650, 0x00000000a2500000)
  from space 128K, 100% used [0x00000000a2500000, 0x00000000a2520000, 0x00000000a2520000)
  to   space 128K,   0% used [0x00000000a2520000, 0x00000000a2520000, 0x00000000a2540000)
 tenured generation   total 125696K, used 5637K [0x00000000c1800000, 0x00000000c92c0000, 0x0000000100000000)
   the space 125696K,   4% used [0x00000000c1800000, 0x00000000c1d81718, 0x00000000c1d81800, 0x00000000c92c0000)
 Metaspace       used 9595K, capacity 9854K, committed 10112K, reserved 1058816K
  class space    used 1066K, capacity 1127K, committed 1152K, reserved 1048576K
GC Heap History (10 events):
Event: 0.561 GC heap before
{Heap before GC invocations=37 (full 0):
 def new generation   total 1152K, used 1105K [0x00000000a2400000, 0x00000000a2540000, 0x00000000c1800000)
  eden space 1024K, 100% used [0x00000000a2400000, 0x00000000a2500000, 0x00000000a2500000)
  from space 128K,  63% used [0x00000000a2520000, 0x00000000a2534530, 0x00000000a2540000)
  to   space 128K,   0% used [0x00000000a2500000, 0x00000000a2500000, 0x00000000a2520000)
 tenured generation   total 125696K, used 5203K [0x00000000c1800000, 0x00000000c92c0000, 0x0000000100000000)
   the space 125696K,   4% used [0x00000000c1800000, 0x00000000c1d14ec8, 0x00000000c1d15000, 0x00000000c92c0000)
 Metaspace       used 8940K, capacity 9196K, committed 9344K, reserved 1056768K
  class space    used 975K, capacity 1060K, committed 1152K, reserved 1048576K
Event: 0.562 GC heap after
Heap after GC invocations=38 (full 0):
 def new generation   total 1152K, used 121K [0x00000000a2400000, 0x00000000a2540000, 0x00000000c1800000)
  eden space 1024K,   0% used [0x00000000a2400000, 0x00000000a2400000, 0x00000000a2500000)
  from space 128K,  94% used [0x00000000a2500000, 0x00000000a251e5d0, 0x00000000a2520000)
  to   space 128K,   0% used [0x00000000a2520000, 0x00000000a2520000, 0x00000000a2540000)
 tenured generation   total 125696K, used 5219K [0x00000000c1800000, 0x00000000c92c0000, 0x0000000100000000)
   the space 125696K,   4% used [0x00000000c1800000, 0x00000000c1d18cc0, 0x00000000c1d18e00, 0x00000000c92c0000)
 Metaspace       used 8940K, capacity 9196K, committed 9344K, reserved 1056768K
  class space    used 975K, capacity 1060K, committed 1152K, reserved 1048576K
}
Event: 0.576 GC heap before
{Heap before GC invocations=38 (full 0):
 def new generation   total 1152K, used 1145K [0x00000000a2400000, 0x00000000a2540000, 0x00000000c1800000)
  eden space 1024K, 100% used [0x00000000a2400000, 0x00000000a2500000, 0x00000000a2500000)
  from space 128K,  94% used [0x00000000a2500000, 0x00000000a251e5d0, 0x00000000a2520000)
  to   space 128K,   0% used [0x00000000a2520000, 0x00000000a2520000, 0x00000000a2540000)
 tenured generation   total 125696K, used 5219K [0x00000000c1800000, 0x00000000c92c0000, 0x0000000100000000)
   the space 125696K,   4% used [0x00000000c1800000, 0x00000000c1d18cc0, 0x00000000c1d18e00, 0x00000000c92c0000)
 Metaspace       used 9240K, capacity 9484K, committed 9600K, reserved 1058816K
  class space    used 1022K, capacity 1092K, committed 1152K, reserved 1048576K
Event: 0.577 GC heap after
Heap after GC invocations=39 (full 0):
 def new generation   total 1152K, used 127K [0x00000000a2400000, 0x00000000a2540000, 0x00000000c1800000)
  eden space 1024K,   0% used [0x00000000a2400000, 0x00000000a2400000, 0x00000000a2500000)
  from space 128K,  99% used [0x00000000a2520000, 0x00000000a253fee0, 0x00000000a2540000)
  to   space 128K,   0% used [0x00000000a2500000, 0x00000000a2500000, 0x00000000a2520000)
 tenured generation   total 125696K, used 5266K [0x00000000c1800000, 0x00000000c92c0000, 0x0000000100000000)
   the space 125696K,   4% used [0x00000000c1800000, 0x00000000c1d24928, 0x00000000c1d24a00, 0x00000000c92c0000)
 Metaspace       used 9240K, capacity 9484K, committed 9600K, reserved 1058816K
  class space    used 1022K, capacity 1092K, committed 1152K, reserved 1048576K
}
Event: 0.587 GC heap before
{Heap before GC invocations=39 (full 0):
 def new generation   total 1152K, used 1151K [0x00000000a2400000, 0x00000000a2540000, 0x00000000c1800000)
  eden space 1024K, 100% used [0x00000000a2400000, 0x00000000a2500000, 0x00000000a2500000)
  from space 128K,  99% used [0x00000000a2520000, 0x00000000a253fee0, 0x00000000a2540000)
  to   space 128K,   0% used [0x00000000a2500000, 0x00000000a2500000, 0x00000000a2520000)
 tenured generation   total 125696K, used 5266K [0x00000000c1800000, 0x00000000c92c0000, 0x0000000100000000)
   the space 125696K,   4% used [0x00000000c1800000, 0x00000000c1d24928, 0x00000000c1d24a00, 0x00000000c92c0000)
 Metaspace       used 9350K, capacity 9630K, committed 9856K, reserved 1058816K
  class space    used 1031K, capacity 1095K, committed 1152K, reserved 1048576K
Event: 0.588 GC heap after
Heap after GC invocations=40 (full 0):
 def new generation   total 1152K, used 98K [0x00000000a2400000, 0x00000000a2540000, 0x00000000c1800000)
  eden space 1024K,   0% used [0x00000000a2400000, 0x00000000a2400000, 0x00000000a2500000)
  from space 128K,  77% used [0x00000000a2500000, 0x00000000a2518b28, 0x00000000a2520000)
  to   space 128K,   0% used [0x00000000a2520000, 0x00000000a2520000, 0x00000000a2540000)
 tenured generation   total 125696K, used 5354K [0x00000000c1800000, 0x00000000c92c0000, 0x0000000100000000)
   the space 125696K,   4% used [0x00000000c1800000, 0x00000000c1d3ab58, 0x00000000c1d3ac00, 0x00000000c92c0000)
 Metaspace       used 9350K, capacity 9630K, committed 9856K, reserved 1058816K
  class space    used 1031K, capacity 1095K, committed 1152K, reserved 1048576K
}
Event: 0.597 GC heap before
{Heap before GC invocations=40 (full 0):
 def new generation   total 1152K, used 1122K [0x00000000a2400000, 0x00000000a2540000, 0x00000000c1800000)
  eden space 1024K, 100% used [0x00000000a2400000, 0x00000000a2500000, 0x00000000a2500000)
  from space 128K,  77% used [0x00000000a2500000, 0x00000000a2518b28, 0x00000000a2520000)
  to   space 128K,   0% used [0x00000000a2520000, 0x00000000a2520000, 0x00000000a2540000)
 tenured generation   total 125696K, used 5354K [0x00000000c1800000, 0x00000000c92c0000, 0x0000000100000000)
   the space 125696K,   4% used [0x00000000c1800000, 0x00000000c1d3ab58, 0x00000000c1d3ac00, 0x00000000c92c0000)
 Metaspace       used 9447K, capacity 9694K, committed 9856K, reserved 1058816K
  class space    used 1044K, capacity 1095K, committed 1152K, reserved 1048576K
Event: 0.598 GC heap after
Heap after GC invocations=41 (full 0):
 def new generation   total 1152K, used 103K [0x00000000a2400000, 0x00000000a2540000, 0x00000000c1800000)
  eden space 1024K,   0% used [0x00000000a2400000, 0x00000000a2400000, 0x00000000a2500000)
  from space 128K,  80% used [0x00000000a2520000, 0x00000000a2539ce0, 0x00000000a2540000)
  to   space 128K,   0% used [0x00000000a2500000, 0x00000000a2500000, 0x00000000a2520000)
 tenured generation   total 125696K, used 5451K [0x00000000c1800000, 0x00000000c92c0000, 0x0000000100000000)
   the space 125696K,   4% used [0x00000000c1800000, 0x00000000c1d52ff0, 0x00000000c1d53000, 0x00000000c92c0000)
 Metaspace       used 9447K, capacity 9694K, committed 9856K, reserved 1058816K
  class space    used 1044K, capacity 1095K, committed 1152K, reserved 1048576K
}
Event: 0.605 GC heap before
{Heap before GC invocations=41 (full 0):
 def new generation   total 1152K, used 1127K [0x00000000a2400000, 0x00000000a2540000, 0x00000000c1800000)
  eden space 1024K, 100% used [0x00000000a2400000, 0x00000000a2500000, 0x00000000a2500000)
  from space 128K,  80% used [0x00000000a2520000, 0x00000000a2539ce0, 0x00000000a2540000)
  to   space 128K,   0% used [0x00000000a2500000, 0x00000000a2500000, 0x00000000a2520000)
 tenured generation   total 125696K, used 5451K [0x00000000c1800000, 0x00000000c92c0000, 0x0000000100000000)
   the space 125696K,   4% used [0x00000000c1800000, 0x00000000c1d52ff0, 0x00000000c1d53000, 0x00000000c92c0000)
 Metaspace       used 9558K, capacity 9822K, committed 10112K, reserved 1058816K
  class space    used 1060K, capacity 1095K, committed 1152K, reserved 1048576K
Event: 0.606 GC heap after
Heap after GC invocations=42 (full 0):
 def new generation   total 1152K, used 128K [0x00000000a2400000, 0x00000000a2540000, 0x00000000c1800000)
  eden space 1024K,   0% used [0x00000000a2400000, 0x00000000a2400000, 0x00000000a2500000)
  from space 128K, 100% used [0x00000000a2500000, 0x00000000a2520000, 0x00000000a2520000)
  to   space 128K,   0% used [0x00000000a2520000, 0x00000000a2520000, 0x00000000a2540000)
 tenured generation   total 125696K, used 5637K [0x00000000c1800000, 0x00000000c92c0000, 0x0000000100000000)
   the space 125696K,   4% used [0x00000000c1800000, 0x00000000c1d81718, 0x00000000c1d81800, 0x00000000c92c0000)
 Metaspace       used 9558K, capacity 9822K, committed 10112K, reserved 1058816K
  class space    used 1060K, capacity 1095K, committed 1152K, reserved 1048576K
}

